{"/home/travis/build/npmtest/node-npmtest-dr-frankenstyle/test.js":{"path":"/home/travis/build/npmtest/node-npmtest-dr-frankenstyle/test.js","s":{"1":2,"2":2,"3":2,"4":2,"5":2,"6":2,"7":2,"8":1,"9":2,"10":2,"11":1,"12":1,"13":1,"14":1,"15":2,"16":2,"17":2,"18":2,"19":1,"20":1,"21":2,"22":2,"23":2,"24":1,"25":1,"26":1,"27":1,"28":1,"29":1,"30":1,"31":1,"32":1,"33":1,"34":1,"35":1,"36":1,"37":1,"38":1,"39":2,"40":2,"41":1,"42":2,"43":2,"44":1,"45":2,"46":2,"47":1,"48":2,"49":2,"50":1,"51":1,"52":1,"53":1,"54":1},"b":{"1":[2,1,1,1],"2":[1,1,1,1],"3":[1,1],"4":[1,1],"5":[1,1],"6":[1,1],"7":[1,1],"8":[1,1],"9":[1,1],"10":[1,1,1],"11":[1,1],"12":[1,1],"13":[1,1],"14":[1,1],"15":[1,1],"16":[1,1],"17":[1,1]},"f":{"1":2,"2":2,"3":2,"4":2,"5":2,"6":1,"7":1,"8":1,"9":2,"10":2,"11":2,"12":2,"13":1},"fnMap":{"1":{"name":"(anonymous_1)","line":12,"loc":{"start":{"line":12,"column":1},"end":{"line":12,"column":13}}},"2":{"name":"(anonymous_2)","line":19,"loc":{"start":{"line":19,"column":5},"end":{"line":19,"column":17}}},"3":{"name":"(anonymous_3)","line":23,"loc":{"start":{"line":23,"column":24},"end":{"line":23,"column":36}}},"4":{"name":"(anonymous_4)","line":61,"loc":{"start":{"line":61,"column":5},"end":{"line":61,"column":17}}},"5":{"name":"(anonymous_5)","line":82,"loc":{"start":{"line":82,"column":5},"end":{"line":82,"column":17}}},"6":{"name":"(anonymous_6)","line":91,"loc":{"start":{"line":91,"column":77},"end":{"line":94,"column":10}}},"7":{"name":"(anonymous_7)","line":112,"loc":{"start":{"line":112,"column":83},"end":{"line":115,"column":10}},"skip":true},"8":{"name":"(anonymous_8)","line":123,"loc":{"start":{"line":123,"column":77},"end":{"line":126,"column":10}},"skip":true},"9":{"name":"(anonymous_9)","line":139,"loc":{"start":{"line":139,"column":12},"end":{"line":139,"column":40}},"skip":true},"10":{"name":"(anonymous_10)","line":147,"loc":{"start":{"line":147,"column":77},"end":{"line":150,"column":10}},"skip":true},"11":{"name":"(anonymous_11)","line":158,"loc":{"start":{"line":158,"column":83},"end":{"line":161,"column":10}},"skip":true},"12":{"name":"(anonymous_12)","line":169,"loc":{"start":{"line":169,"column":79},"end":{"line":172,"column":10}},"skip":true},"13":{"name":"(anonymous_13)","line":180,"loc":{"start":{"line":180,"column":75},"end":{"line":183,"column":10}},"skip":true}},"statementMap":{"1":{"start":{"line":12,"column":0},"end":{"line":195,"column":5}},"2":{"start":{"line":14,"column":4},"end":{"line":14,"column":14}},"3":{"start":{"line":19,"column":4},"end":{"line":56,"column":9}},"4":{"start":{"line":21,"column":8},"end":{"line":21,"column":19}},"5":{"start":{"line":23,"column":8},"end":{"line":35,"column":13}},"6":{"start":{"line":24,"column":12},"end":{"line":34,"column":13}},"7":{"start":{"line":25,"column":16},"end":{"line":28,"column":30}},"8":{"start":{"line":30,"column":16},"end":{"line":33,"column":27}},"9":{"start":{"line":37,"column":8},"end":{"line":39,"column":21}},"10":{"start":{"line":40,"column":8},"end":{"line":53,"column":9}},"11":{"start":{"line":43,"column":12},"end":{"line":46,"column":14}},"12":{"start":{"line":47,"column":12},"end":{"line":47,"column":18}},"13":{"start":{"line":50,"column":12},"end":{"line":51,"column":33}},"14":{"start":{"line":52,"column":12},"end":{"line":52,"column":18}},"15":{"start":{"line":55,"column":8},"end":{"line":55,"column":35}},"16":{"start":{"line":61,"column":4},"end":{"line":63,"column":9}},"17":{"start":{"line":62,"column":8},"end":{"line":62,"column":15}},"18":{"start":{"line":64,"column":4},"end":{"line":77,"column":5}},"19":{"start":{"line":70,"column":8},"end":{"line":70,"column":14}},"20":{"start":{"line":76,"column":8},"end":{"line":76,"column":14}},"21":{"start":{"line":82,"column":4},"end":{"line":84,"column":9}},"22":{"start":{"line":83,"column":8},"end":{"line":83,"column":15}},"23":{"start":{"line":85,"column":4},"end":{"line":194,"column":5}},"24":{"start":{"line":91,"column":8},"end":{"line":99,"column":10}},"25":{"start":{"line":98,"column":12},"end":{"line":98,"column":35}},"26":{"start":{"line":102,"column":8},"end":{"line":104,"column":63}},"27":{"start":{"line":105,"column":8},"end":{"line":105,"column":14}},"28":{"start":{"line":112,"column":8},"end":{"line":121,"column":10},"skip":true},"29":{"start":{"line":119,"column":12},"end":{"line":119,"column":55},"skip":true},"30":{"start":{"line":120,"column":12},"end":{"line":120,"column":48},"skip":true},"31":{"start":{"line":123,"column":8},"end":{"line":136,"column":10},"skip":true},"32":{"start":{"line":130,"column":12},"end":{"line":130,"column":76},"skip":true},"33":{"start":{"line":131,"column":12},"end":{"line":131,"column":73},"skip":true},"34":{"start":{"line":132,"column":12},"end":{"line":132,"column":74},"skip":true},"35":{"start":{"line":133,"column":12},"end":{"line":133,"column":79},"skip":true},"36":{"start":{"line":134,"column":12},"end":{"line":134,"column":25},"skip":true},"37":{"start":{"line":135,"column":12},"end":{"line":135,"column":45},"skip":true},"38":{"start":{"line":138,"column":8},"end":{"line":145,"column":14},"skip":true},"39":{"start":{"line":143,"column":16},"end":{"line":143,"column":29},"skip":true},"40":{"start":{"line":144,"column":16},"end":{"line":144,"column":55},"skip":true},"41":{"start":{"line":147,"column":8},"end":{"line":156,"column":10},"skip":true},"42":{"start":{"line":154,"column":12},"end":{"line":154,"column":25},"skip":true},"43":{"start":{"line":155,"column":12},"end":{"line":155,"column":45},"skip":true},"44":{"start":{"line":158,"column":8},"end":{"line":167,"column":10},"skip":true},"45":{"start":{"line":165,"column":12},"end":{"line":165,"column":25},"skip":true},"46":{"start":{"line":166,"column":12},"end":{"line":166,"column":48},"skip":true},"47":{"start":{"line":169,"column":8},"end":{"line":178,"column":10},"skip":true},"48":{"start":{"line":176,"column":12},"end":{"line":176,"column":25},"skip":true},"49":{"start":{"line":177,"column":12},"end":{"line":177,"column":46},"skip":true},"50":{"start":{"line":180,"column":8},"end":{"line":189,"column":10},"skip":true},"51":{"start":{"line":187,"column":12},"end":{"line":187,"column":94},"skip":true},"52":{"start":{"line":188,"column":12},"end":{"line":188,"column":48},"skip":true},"53":{"start":{"line":192,"column":8},"end":{"line":192,"column":35},"skip":true},"54":{"start":{"line":193,"column":8},"end":{"line":193,"column":14},"skip":true}},"branchMap":{"1":{"line":25,"type":"binary-expr","locations":[{"start":{"line":25,"column":23},"end":{"line":25,"column":62}},{"start":{"line":26,"column":20},"end":{"line":26,"column":70}},{"start":{"line":27,"column":20},"end":{"line":27,"column":71}},{"start":{"line":28,"column":20},"end":{"line":28,"column":29}}]},"2":{"line":30,"type":"binary-expr","locations":[{"start":{"line":30,"column":23},"end":{"line":30,"column":37}},{"start":{"line":31,"column":20},"end":{"line":31,"column":61}},{"start":{"line":32,"column":20},"end":{"line":32,"column":70}},{"start":{"line":33,"column":20},"end":{"line":33,"column":26}}]},"3":{"line":37,"type":"cond-expr","locations":[{"start":{"line":38,"column":14},"end":{"line":38,"column":20}},{"start":{"line":39,"column":14},"end":{"line":39,"column":20}}]},"4":{"line":40,"type":"switch","locations":[{"start":{"line":42,"column":8},"end":{"line":47,"column":18}},{"start":{"line":49,"column":8},"end":{"line":52,"column":18}}]},"5":{"line":44,"type":"binary-expr","locations":[{"start":{"line":44,"column":16},"end":{"line":44,"column":44}},{"start":{"line":44,"column":48},"end":{"line":44,"column":66}}]},"6":{"line":50,"type":"binary-expr","locations":[{"start":{"line":50,"column":21},"end":{"line":50,"column":49}},{"start":{"line":50,"column":53},"end":{"line":50,"column":72}}]},"7":{"line":64,"type":"switch","locations":[{"start":{"line":69,"column":4},"end":{"line":70,"column":14}},{"start":{"line":75,"column":4},"end":{"line":76,"column":14}}]},"8":{"line":85,"type":"switch","locations":[{"start":{"line":90,"column":4},"end":{"line":105,"column":14}},{"start":{"line":111,"column":4},"end":{"line":193,"column":14},"skip":true}]},"9":{"line":91,"type":"binary-expr","locations":[{"start":{"line":91,"column":42},"end":{"line":91,"column":73}},{"start":{"line":91,"column":77},"end":{"line":99,"column":9}}]},"10":{"line":102,"type":"binary-expr","locations":[{"start":{"line":102,"column":18},"end":{"line":102,"column":32}},{"start":{"line":103,"column":12},"end":{"line":103,"column":53}},{"start":{"line":104,"column":12},"end":{"line":104,"column":61}}]},"11":{"line":112,"type":"binary-expr","locations":[{"start":{"line":112,"column":45},"end":{"line":112,"column":79},"skip":true},{"start":{"line":112,"column":83},"end":{"line":121,"column":9},"skip":true}]},"12":{"line":123,"type":"binary-expr","locations":[{"start":{"line":123,"column":42},"end":{"line":123,"column":73},"skip":true},{"start":{"line":123,"column":77},"end":{"line":136,"column":9},"skip":true}]},"13":{"line":138,"type":"binary-expr","locations":[{"start":{"line":138,"column":48},"end":{"line":138,"column":85},"skip":true},{"start":{"line":139,"column":12},"end":{"line":145,"column":13},"skip":true}]},"14":{"line":147,"type":"binary-expr","locations":[{"start":{"line":147,"column":42},"end":{"line":147,"column":73},"skip":true},{"start":{"line":147,"column":77},"end":{"line":156,"column":9},"skip":true}]},"15":{"line":158,"type":"binary-expr","locations":[{"start":{"line":158,"column":45},"end":{"line":158,"column":79},"skip":true},{"start":{"line":158,"column":83},"end":{"line":167,"column":9},"skip":true}]},"16":{"line":169,"type":"binary-expr","locations":[{"start":{"line":169,"column":43},"end":{"line":169,"column":75},"skip":true},{"start":{"line":169,"column":79},"end":{"line":178,"column":9},"skip":true}]},"17":{"line":180,"type":"binary-expr","locations":[{"start":{"line":180,"column":41},"end":{"line":180,"column":71},"skip":true},{"start":{"line":180,"column":75},"end":{"line":189,"column":9},"skip":true}]}},"code":["/* istanbul instrument in package npmtest_dr_frankenstyle */","/*jslint","    bitwise: true,","    browser: true,","    maxerr: 8,","    maxlen: 96,","    node: true,","    nomen: true,","    regexp: true,","    stupid: true","*/","(function () {","    'use strict';","    var local;","","","","    // run shared js-env code - pre-init","    (function () {","        // init local","        local = {};","        // init modeJs","        local.modeJs = (function () {","            try {","                return typeof navigator.userAgent === 'string' &&","                    typeof document.querySelector('body') === 'object' &&","                    typeof XMLHttpRequest.prototype.open === 'function' &&","                    'browser';","            } catch (errorCaughtBrowser) {","                return module.exports &&","                    typeof process.versions.node === 'string' &&","                    typeof require('http').createServer === 'function' &&","                    'node';","            }","        }());","        // init global","        local.global = local.modeJs === 'browser'","            ? window","            : global;","        switch (local.modeJs) {","        // re-init local from window.local","        case 'browser':","            local = local.global.utility2.objectSetDefault(","                local.global.utility2_rollup || local.global.local,","                local.global.utility2","            );","            break;","        // re-init local from example.js","        case 'node':","            local = (local.global.utility2_rollup || require('utility2'))","                .requireReadme();","            break;","        }","        // export local","        local.global.local = local;","    }());","","","","    // run shared js-env code - function","    (function () {","        return;","    }());","    switch (local.modeJs) {","","","","    // run browser js-env code - function","    case 'browser':","        break;","","","","    // run node js-env code - function","    case 'node':","        break;","    }","","","","    // run shared js-env code - post-init","    (function () {","        return;","    }());","    switch (local.modeJs) {","","","","    // run browser js-env code - post-init","    case 'browser':","        local.testCase_browser_nullCase = local.testCase_browser_nullCase || function (","            options,","            onError","        ) {","        /*","         * this function will test browsers's null-case handling-behavior-behavior","         */","            onError(null, options);","        };","","        // run tests","        local.nop(local.modeTest &&","            document.querySelector('#testRunButton1') &&","            document.querySelector('#testRunButton1').click());","        break;","","","","    // run node js-env code - post-init","    /* istanbul ignore next */","    case 'node':","        local.testCase_buildApidoc_default = local.testCase_buildApidoc_default || function (","            options,","            onError","        ) {","        /*","         * this function will test buildApidoc's default handling-behavior-behavior","         */","            options = { modulePathList: module.paths };","            local.buildApidoc(options, onError);","        };","","        local.testCase_buildApp_default = local.testCase_buildApp_default || function (","            options,","            onError","        ) {","        /*","         * this function will test buildApp's default handling-behavior-behavior","         */","            local.testCase_buildReadme_default(options, local.onErrorThrow);","            local.testCase_buildLib_default(options, local.onErrorThrow);","            local.testCase_buildTest_default(options, local.onErrorThrow);","            local.testCase_buildCustomOrg_default(options, local.onErrorThrow);","            options = [];","            local.buildApp(options, onError);","        };","","        local.testCase_buildCustomOrg_default = local.testCase_buildCustomOrg_default ||","            function (options, onError) {","            /*","             * this function will test buildCustomOrg's default handling-behavior","             */","                options = {};","                local.buildCustomOrg(options, onError);","            };","","        local.testCase_buildLib_default = local.testCase_buildLib_default || function (","            options,","            onError","        ) {","        /*","         * this function will test buildLib's default handling-behavior","         */","            options = {};","            local.buildLib(options, onError);","        };","","        local.testCase_buildReadme_default = local.testCase_buildReadme_default || function (","            options,","            onError","        ) {","        /*","         * this function will test buildReadme's default handling-behavior-behavior","         */","            options = {};","            local.buildReadme(options, onError);","        };","","        local.testCase_buildTest_default = local.testCase_buildTest_default || function (","            options,","            onError","        ) {","        /*","         * this function will test buildTest's default handling-behavior","         */","            options = {};","            local.buildTest(options, onError);","        };","","        local.testCase_webpage_default = local.testCase_webpage_default || function (","            options,","            onError","        ) {","        /*","         * this function will test webpage's default handling-behavior","         */","            options = { modeCoverageMerge: true, url: local.serverLocalHost + '?modeTest=1' };","            local.browserTest(options, onError);","        };","","        // run test-server","        local.testRunServer(local);","        break;","    }","}());",""],"l":{"12":2,"14":2,"19":2,"21":2,"23":2,"24":2,"25":2,"30":1,"37":2,"40":2,"43":1,"47":1,"50":1,"52":1,"55":2,"61":2,"62":2,"64":2,"70":1,"76":1,"82":2,"83":2,"85":2,"91":1,"98":1,"102":1,"105":1,"112":1,"119":1,"120":1,"123":1,"130":1,"131":1,"132":1,"133":1,"134":1,"135":1,"138":1,"143":2,"144":2,"147":1,"154":2,"155":2,"158":1,"165":2,"166":2,"169":1,"176":2,"177":2,"180":1,"187":1,"188":1,"192":1,"193":1}},"/home/travis/build/npmtest/node-npmtest-dr-frankenstyle/lib.npmtest_dr_frankenstyle.js":{"path":"/home/travis/build/npmtest/node-npmtest-dr-frankenstyle/lib.npmtest_dr_frankenstyle.js","s":{"1":2,"2":2,"3":2,"4":2,"5":2,"6":2,"7":2,"8":1,"9":2,"10":2,"11":2,"12":2,"13":1,"14":1,"15":1,"16":1},"b":{"1":[2,1,1,1],"2":[1,1,1,1],"3":[1,1],"4":[2,2],"5":[1,1]},"f":{"1":2,"2":2,"3":2},"fnMap":{"1":{"name":"(anonymous_1)","line":12,"loc":{"start":{"line":12,"column":1},"end":{"line":12,"column":13}}},"2":{"name":"(anonymous_2)","line":19,"loc":{"start":{"line":19,"column":5},"end":{"line":19,"column":17}}},"3":{"name":"(anonymous_3)","line":23,"loc":{"start":{"line":23,"column":24},"end":{"line":23,"column":36}}}},"statementMap":{"1":{"start":{"line":12,"column":0},"end":{"line":53,"column":5}},"2":{"start":{"line":14,"column":4},"end":{"line":14,"column":14}},"3":{"start":{"line":19,"column":4},"end":{"line":52,"column":9}},"4":{"start":{"line":21,"column":8},"end":{"line":21,"column":19}},"5":{"start":{"line":23,"column":8},"end":{"line":35,"column":13}},"6":{"start":{"line":24,"column":12},"end":{"line":34,"column":13}},"7":{"start":{"line":25,"column":16},"end":{"line":28,"column":30}},"8":{"start":{"line":30,"column":16},"end":{"line":33,"column":27}},"9":{"start":{"line":37,"column":8},"end":{"line":39,"column":21}},"10":{"start":{"line":41,"column":8},"end":{"line":41,"column":54}},"11":{"start":{"line":43,"column":8},"end":{"line":43,"column":60}},"12":{"start":{"line":45,"column":8},"end":{"line":51,"column":9}},"13":{"start":{"line":46,"column":12},"end":{"line":46,"column":66}},"14":{"start":{"line":48,"column":12},"end":{"line":48,"column":35}},"15":{"start":{"line":49,"column":12},"end":{"line":49,"column":49}},"16":{"start":{"line":50,"column":12},"end":{"line":50,"column":43}}},"branchMap":{"1":{"line":25,"type":"binary-expr","locations":[{"start":{"line":25,"column":23},"end":{"line":25,"column":62}},{"start":{"line":26,"column":20},"end":{"line":26,"column":70}},{"start":{"line":27,"column":20},"end":{"line":27,"column":71}},{"start":{"line":28,"column":20},"end":{"line":28,"column":29}}]},"2":{"line":30,"type":"binary-expr","locations":[{"start":{"line":30,"column":23},"end":{"line":30,"column":37}},{"start":{"line":31,"column":20},"end":{"line":31,"column":61}},{"start":{"line":32,"column":20},"end":{"line":32,"column":70}},{"start":{"line":33,"column":20},"end":{"line":33,"column":26}}]},"3":{"line":37,"type":"cond-expr","locations":[{"start":{"line":38,"column":14},"end":{"line":38,"column":20}},{"start":{"line":39,"column":14},"end":{"line":39,"column":20}}]},"4":{"line":41,"type":"binary-expr","locations":[{"start":{"line":41,"column":16},"end":{"line":41,"column":44}},{"start":{"line":41,"column":48},"end":{"line":41,"column":53}}]},"5":{"line":45,"type":"if","locations":[{"start":{"line":45,"column":8},"end":{"line":45,"column":8}},{"start":{"line":45,"column":8},"end":{"line":45,"column":8}}]}},"code":["/* istanbul instrument in package npmtest_dr_frankenstyle */","/*jslint","    bitwise: true,","    browser: true,","    maxerr: 8,","    maxlen: 96,","    node: true,","    nomen: true,","    regexp: true,","    stupid: true","*/","(function () {","    'use strict';","    var local;","","","","    // run shared js-env code - pre-init","    (function () {","        // init local","        local = {};","        // init modeJs","        local.modeJs = (function () {","            try {","                return typeof navigator.userAgent === 'string' &&","                    typeof document.querySelector('body') === 'object' &&","                    typeof XMLHttpRequest.prototype.open === 'function' &&","                    'browser';","            } catch (errorCaughtBrowser) {","                return module.exports &&","                    typeof process.versions.node === 'string' &&","                    typeof require('http').createServer === 'function' &&","                    'node';","            }","        }());","        // init global","        local.global = local.modeJs === 'browser'","            ? window","            : global;","        // init utility2_rollup","        local = local.global.utility2_rollup || local;","        // init lib","        local.local = local.npmtest_dr_frankenstyle = local;","        // init exports","        if (local.modeJs === 'browser') {","            local.global.utility2_npmtest_dr_frankenstyle = local;","        } else {","            module.exports = local;","            module.exports.__dirname = __dirname;","            module.exports.module = module;","        }","    }());","}());",""],"l":{"12":2,"14":2,"19":2,"21":2,"23":2,"24":2,"25":2,"30":1,"37":2,"41":2,"43":2,"45":2,"46":1,"48":1,"49":1,"50":1}},"/home/travis/build/npmtest/node-npmtest-dr-frankenstyle/example.js":{"path":"/home/travis/build/npmtest/node-npmtest-dr-frankenstyle/example.js","s":{"1":2,"2":2,"3":2,"4":2,"5":2,"6":2,"7":2,"8":1,"9":2,"10":2,"11":2,"12":2,"13":1,"14":2,"15":2,"16":2,"17":2,"18":2,"19":0,"20":2,"21":1,"22":1,"23":1,"24":1,"25":1,"26":0,"27":0,"28":1,"29":1,"30":2,"31":0,"32":0,"33":0,"34":1,"35":2,"36":2,"37":3,"38":3,"39":3,"40":3,"41":0,"42":3,"43":3,"44":3,"45":1,"46":3,"47":1,"48":1,"49":1,"50":1,"51":1,"52":1,"53":1,"54":1,"55":1,"56":1,"57":0,"58":1,"59":6,"60":6,"61":1,"62":2,"63":0,"64":2,"65":1,"66":1,"67":0,"68":0,"69":0,"70":0,"71":0,"72":0,"73":0,"74":0,"75":0,"76":0,"77":0,"78":0,"79":0,"80":0,"81":0,"82":0,"83":0},"b":{"1":[2,1,1,1],"2":[1,1,1,1],"3":[1,1],"4":[2,2],"5":[1,1],"6":[1,1],"7":[2,0],"8":[2,1,1,1,1,1],"9":[0,2,0],"10":[1,1],"11":[2,1,1],"12":[1,0],"13":[0,2],"14":[2,0,0,0,0,0,0],"15":[0,3],"16":[3,0],"17":[1,1],"18":[0,1],"19":[1,2,0,2],"20":[1,0],"21":[1,1],"22":[0,0],"23":[0,0],"24":[0,0],"25":[0,0],"26":[0,0],"27":[0,0],"28":[0,0]},"f":{"1":2,"2":2,"3":2,"4":2,"5":2,"6":2,"7":3,"8":3,"9":3,"10":1,"11":6,"12":0},"fnMap":{"1":{"name":"(anonymous_1)","line":26,"loc":{"start":{"line":26,"column":1},"end":{"line":26,"column":13}}},"2":{"name":"(anonymous_2)","line":33,"loc":{"start":{"line":33,"column":5},"end":{"line":33,"column":17}}},"3":{"name":"(anonymous_3)","line":37,"loc":{"start":{"line":37,"column":24},"end":{"line":37,"column":36}}},"4":{"name":"(anonymous_4)","line":69,"loc":{"start":{"line":69,"column":31},"end":{"line":69,"column":48}},"skip":true},"5":{"name":"(anonymous_5)","line":78,"loc":{"start":{"line":78,"column":26},"end":{"line":78,"column":45}},"skip":true},"6":{"name":"(anonymous_6)","line":123,"loc":{"start":{"line":123,"column":33},"end":{"line":123,"column":48}},"skip":true},"7":{"name":"(anonymous_7)","line":125,"loc":{"start":{"line":125,"column":27},"end":{"line":125,"column":39}},"skip":true},"8":{"name":"(anonymous_8)","line":133,"loc":{"start":{"line":133,"column":59},"end":{"line":133,"column":74}},"skip":true},"9":{"name":"(anonymous_9)","line":143,"loc":{"start":{"line":143,"column":45},"end":{"line":143,"column":62}},"skip":true},"10":{"name":"(anonymous_10)","line":144,"loc":{"start":{"line":144,"column":73},"end":{"line":144,"column":92}},"skip":true},"11":{"name":"(anonymous_11)","line":272,"loc":{"start":{"line":272,"column":51},"end":{"line":272,"column":77}},"skip":true},"12":{"name":"(anonymous_12)","line":315,"loc":{"start":{"line":315,"column":32},"end":{"line":315,"column":61}},"skip":true}},"statementMap":{"1":{"start":{"line":26,"column":0},"end":{"line":326,"column":5}},"2":{"start":{"line":28,"column":4},"end":{"line":28,"column":14}},"3":{"start":{"line":33,"column":4},"end":{"line":60,"column":9}},"4":{"start":{"line":35,"column":8},"end":{"line":35,"column":19}},"5":{"start":{"line":37,"column":8},"end":{"line":49,"column":13}},"6":{"start":{"line":38,"column":12},"end":{"line":48,"column":13}},"7":{"start":{"line":39,"column":16},"end":{"line":42,"column":30}},"8":{"start":{"line":44,"column":16},"end":{"line":47,"column":27}},"9":{"start":{"line":51,"column":8},"end":{"line":53,"column":21}},"10":{"start":{"line":55,"column":8},"end":{"line":57,"column":45}},"11":{"start":{"line":59,"column":8},"end":{"line":59,"column":35}},"12":{"start":{"line":61,"column":4},"end":{"line":325,"column":5}},"13":{"start":{"line":69,"column":8},"end":{"line":121,"column":10},"skip":true},"14":{"start":{"line":70,"column":12},"end":{"line":88,"column":13},"skip":true},"15":{"start":{"line":76,"column":16},"end":{"line":87,"column":19},"skip":true},"16":{"start":{"line":79,"column":20},"end":{"line":86,"column":21},"skip":true},"17":{"start":{"line":82,"column":24},"end":{"line":82,"column":43},"skip":true},"18":{"start":{"line":83,"column":24},"end":{"line":83,"column":30},"skip":true},"19":{"start":{"line":85,"column":24},"end":{"line":85,"column":49},"skip":true},"20":{"start":{"line":89,"column":12},"end":{"line":107,"column":13},"skip":true},"21":{"start":{"line":92,"column":16},"end":{"line":102,"column":17},"skip":true},"22":{"start":{"line":93,"column":20},"end":{"line":93,"column":86},"skip":true},"23":{"start":{"line":94,"column":20},"end":{"line":95,"column":45},"skip":true},"24":{"start":{"line":96,"column":20},"end":{"line":96,"column":42},"skip":true},"25":{"start":{"line":97,"column":20},"end":{"line":97,"column":48},"skip":true},"26":{"start":{"line":100,"column":20},"end":{"line":100,"column":85},"skip":true},"27":{"start":{"line":101,"column":20},"end":{"line":101,"column":96},"skip":true},"28":{"start":{"line":103,"column":16},"end":{"line":103,"column":22},"skip":true},"29":{"start":{"line":106,"column":16},"end":{"line":106,"column":22},"skip":true},"30":{"start":{"line":108,"column":12},"end":{"line":120,"column":13},"skip":true},"31":{"start":{"line":114,"column":16},"end":{"line":119,"column":17},"skip":true},"32":{"start":{"line":116,"column":20},"end":{"line":116,"column":78},"skip":true},"33":{"start":{"line":118,"column":20},"end":{"line":118,"column":47},"skip":true},"34":{"start":{"line":123,"column":8},"end":{"line":141,"column":11},"skip":true},"35":{"start":{"line":124,"column":12},"end":{"line":124,"column":54},"skip":true},"36":{"start":{"line":125,"column":12},"end":{"line":140,"column":14},"skip":true},"37":{"start":{"line":126,"column":16},"end":{"line":126,"column":28},"skip":true},"38":{"start":{"line":127,"column":16},"end":{"line":127,"column":69},"skip":true},"39":{"start":{"line":128,"column":16},"end":{"line":128,"column":75},"skip":true},"40":{"start":{"line":129,"column":16},"end":{"line":131,"column":17},"skip":true},"41":{"start":{"line":130,"column":20},"end":{"line":130,"column":27},"skip":true},"42":{"start":{"line":133,"column":16},"end":{"line":137,"column":36},"skip":true},"43":{"start":{"line":134,"column":20},"end":{"line":136,"column":55},"skip":true},"44":{"start":{"line":139,"column":16},"end":{"line":139,"column":57},"skip":true},"45":{"start":{"line":143,"column":8},"end":{"line":147,"column":11},"skip":true},"46":{"start":{"line":144,"column":12},"end":{"line":146,"column":15},"skip":true},"47":{"start":{"line":145,"column":16},"end":{"line":145,"column":70},"skip":true},"48":{"start":{"line":149,"column":8},"end":{"line":149,"column":31},"skip":true},"49":{"start":{"line":150,"column":8},"end":{"line":150,"column":14},"skip":true},"50":{"start":{"line":158,"column":8},"end":{"line":158,"column":31},"skip":true},"51":{"start":{"line":160,"column":8},"end":{"line":160,"column":33},"skip":true},"52":{"start":{"line":161,"column":8},"end":{"line":161,"column":37},"skip":true},"53":{"start":{"line":162,"column":8},"end":{"line":162,"column":35},"skip":true},"54":{"start":{"line":164,"column":8},"end":{"line":164,"column":50},"skip":true},"55":{"start":{"line":166,"column":8},"end":{"line":256,"column":2},"skip":true},"56":{"start":{"line":258,"column":8},"end":{"line":286,"column":9},"skip":true},"57":{"start":{"line":259,"column":12},"end":{"line":269,"column":14},"skip":true},"58":{"start":{"line":271,"column":12},"end":{"line":285,"column":19},"skip":true},"59":{"start":{"line":274,"column":20},"end":{"line":274,"column":35},"skip":true},"60":{"start":{"line":275,"column":20},"end":{"line":284,"column":21},"skip":true},"61":{"start":{"line":277,"column":24},"end":{"line":277,"column":64},"skip":true},"62":{"start":{"line":279,"column":24},"end":{"line":279,"column":40},"skip":true},"63":{"start":{"line":281,"column":24},"end":{"line":281,"column":40},"skip":true},"64":{"start":{"line":283,"column":24},"end":{"line":283,"column":39},"skip":true},"65":{"start":{"line":288,"column":8},"end":{"line":290,"column":9},"skip":true},"66":{"start":{"line":289,"column":12},"end":{"line":289,"column":18},"skip":true},"67":{"start":{"line":291,"column":8},"end":{"line":293,"column":54},"skip":true},"68":{"start":{"line":296,"column":8},"end":{"line":301,"column":37},"skip":true},"69":{"start":{"line":303,"column":8},"end":{"line":303,"column":82},"skip":true},"70":{"start":{"line":306,"column":8},"end":{"line":308,"column":9},"skip":true},"71":{"start":{"line":307,"column":12},"end":{"line":307,"column":82},"skip":true},"72":{"start":{"line":310,"column":8},"end":{"line":312,"column":9},"skip":true},"73":{"start":{"line":311,"column":12},"end":{"line":311,"column":18},"skip":true},"74":{"start":{"line":313,"column":8},"end":{"line":313,"column":54},"skip":true},"75":{"start":{"line":314,"column":8},"end":{"line":314,"column":69},"skip":true},"76":{"start":{"line":315,"column":8},"end":{"line":323,"column":36},"skip":true},"77":{"start":{"line":316,"column":12},"end":{"line":316,"column":61},"skip":true},"78":{"start":{"line":317,"column":12},"end":{"line":320,"column":13},"skip":true},"79":{"start":{"line":318,"column":16},"end":{"line":318,"column":75},"skip":true},"80":{"start":{"line":319,"column":16},"end":{"line":319,"column":23},"skip":true},"81":{"start":{"line":321,"column":12},"end":{"line":321,"column":38},"skip":true},"82":{"start":{"line":322,"column":12},"end":{"line":322,"column":27},"skip":true},"83":{"start":{"line":324,"column":8},"end":{"line":324,"column":14},"skip":true}},"branchMap":{"1":{"line":39,"type":"binary-expr","locations":[{"start":{"line":39,"column":23},"end":{"line":39,"column":62}},{"start":{"line":40,"column":20},"end":{"line":40,"column":70}},{"start":{"line":41,"column":20},"end":{"line":41,"column":71}},{"start":{"line":42,"column":20},"end":{"line":42,"column":29}}]},"2":{"line":44,"type":"binary-expr","locations":[{"start":{"line":44,"column":23},"end":{"line":44,"column":37}},{"start":{"line":45,"column":20},"end":{"line":45,"column":61}},{"start":{"line":46,"column":20},"end":{"line":46,"column":70}},{"start":{"line":47,"column":20},"end":{"line":47,"column":26}}]},"3":{"line":51,"type":"cond-expr","locations":[{"start":{"line":52,"column":14},"end":{"line":52,"column":20}},{"start":{"line":53,"column":14},"end":{"line":53,"column":20}}]},"4":{"line":55,"type":"binary-expr","locations":[{"start":{"line":55,"column":16},"end":{"line":55,"column":44}},{"start":{"line":55,"column":49},"end":{"line":57,"column":43}}]},"5":{"line":55,"type":"cond-expr","locations":[{"start":{"line":56,"column":14},"end":{"line":56,"column":59}},{"start":{"line":57,"column":14},"end":{"line":57,"column":43}}]},"6":{"line":61,"type":"switch","locations":[{"start":{"line":68,"column":4},"end":{"line":150,"column":14},"skip":true},{"start":{"line":156,"column":4},"end":{"line":324,"column":14},"skip":true}]},"7":{"line":70,"type":"if","locations":[{"start":{"line":70,"column":12},"end":{"line":70,"column":12},"skip":true},{"start":{"line":70,"column":12},"end":{"line":70,"column":12},"skip":true}]},"8":{"line":70,"type":"binary-expr","locations":[{"start":{"line":70,"column":16},"end":{"line":70,"column":22},"skip":true},{"start":{"line":70,"column":27},"end":{"line":70,"column":32},"skip":true},{"start":{"line":71,"column":20},"end":{"line":71,"column":39},"skip":true},{"start":{"line":72,"column":20},"end":{"line":72,"column":49},"skip":true},{"start":{"line":73,"column":20},"end":{"line":73,"column":58},"skip":true},{"start":{"line":74,"column":20},"end":{"line":74,"column":69},"skip":true}]},"9":{"line":79,"type":"switch","locations":[{"start":{"line":80,"column":20},"end":{"line":80,"column":33},"skip":true},{"start":{"line":81,"column":20},"end":{"line":83,"column":30},"skip":true},{"start":{"line":84,"column":20},"end":{"line":85,"column":49},"skip":true}]},"10":{"line":89,"type":"switch","locations":[{"start":{"line":90,"column":12},"end":{"line":103,"column":22},"skip":true},{"start":{"line":105,"column":12},"end":{"line":106,"column":22},"skip":true}]},"11":{"line":89,"type":"binary-expr","locations":[{"start":{"line":89,"column":20},"end":{"line":89,"column":25},"skip":true},{"start":{"line":89,"column":29},"end":{"line":89,"column":48},"skip":true},{"start":{"line":89,"column":52},"end":{"line":89,"column":74},"skip":true}]},"12":{"line":92,"type":"if","locations":[{"start":{"line":92,"column":16},"end":{"line":92,"column":16},"skip":true},{"start":{"line":92,"column":16},"end":{"line":92,"column":16},"skip":true}]},"13":{"line":108,"type":"if","locations":[{"start":{"line":108,"column":12},"end":{"line":108,"column":12},"skip":true},{"start":{"line":108,"column":12},"end":{"line":108,"column":12},"skip":true}]},"14":{"line":108,"type":"binary-expr","locations":[{"start":{"line":108,"column":16},"end":{"line":108,"column":61},"skip":true},{"start":{"line":108,"column":66},"end":{"line":108,"column":72},"skip":true},{"start":{"line":108,"column":77},"end":{"line":108,"column":82},"skip":true},{"start":{"line":109,"column":20},"end":{"line":109,"column":39},"skip":true},{"start":{"line":110,"column":20},"end":{"line":110,"column":49},"skip":true},{"start":{"line":111,"column":20},"end":{"line":111,"column":58},"skip":true},{"start":{"line":112,"column":20},"end":{"line":112,"column":68},"skip":true}]},"15":{"line":129,"type":"if","locations":[{"start":{"line":129,"column":16},"end":{"line":129,"column":16},"skip":true},{"start":{"line":129,"column":16},"end":{"line":129,"column":16},"skip":true}]},"16":{"line":134,"type":"cond-expr","locations":[{"start":{"line":135,"column":26},"end":{"line":135,"column":29},"skip":true},{"start":{"line":136,"column":26},"end":{"line":136,"column":54},"skip":true}]},"17":{"line":164,"type":"binary-expr","locations":[{"start":{"line":164,"column":27},"end":{"line":164,"column":43},"skip":true},{"start":{"line":164,"column":47},"end":{"line":164,"column":49},"skip":true}]},"18":{"line":258,"type":"if","locations":[{"start":{"line":258,"column":8},"end":{"line":258,"column":8},"skip":true},{"start":{"line":258,"column":8},"end":{"line":258,"column":8},"skip":true}]},"19":{"line":275,"type":"switch","locations":[{"start":{"line":276,"column":20},"end":{"line":277,"column":64},"skip":true},{"start":{"line":278,"column":20},"end":{"line":279,"column":40},"skip":true},{"start":{"line":280,"column":20},"end":{"line":281,"column":40},"skip":true},{"start":{"line":282,"column":20},"end":{"line":283,"column":39},"skip":true}]},"20":{"line":288,"type":"if","locations":[{"start":{"line":288,"column":8},"end":{"line":288,"column":8},"skip":true},{"start":{"line":288,"column":8},"end":{"line":288,"column":8},"skip":true}]},"21":{"line":288,"type":"binary-expr","locations":[{"start":{"line":288,"column":12},"end":{"line":288,"column":40},"skip":true},{"start":{"line":288,"column":44},"end":{"line":288,"column":67},"skip":true}]},"22":{"line":292,"type":"binary-expr","locations":[{"start":{"line":292,"column":12},"end":{"line":292,"column":50},"skip":true},{"start":{"line":293,"column":12},"end":{"line":293,"column":53},"skip":true}]},"23":{"line":297,"type":"binary-expr","locations":[{"start":{"line":297,"column":12},"end":{"line":297,"column":73},"skip":true},{"start":{"line":298,"column":12},"end":{"line":301,"column":36},"skip":true}]},"24":{"line":303,"type":"binary-expr","locations":[{"start":{"line":303,"column":43},"end":{"line":303,"column":75},"skip":true},{"start":{"line":303,"column":79},"end":{"line":303,"column":81},"skip":true}]},"25":{"line":306,"type":"if","locations":[{"start":{"line":306,"column":8},"end":{"line":306,"column":8},"skip":true},{"start":{"line":306,"column":8},"end":{"line":306,"column":8},"skip":true}]},"26":{"line":310,"type":"if","locations":[{"start":{"line":310,"column":8},"end":{"line":310,"column":8},"skip":true},{"start":{"line":310,"column":8},"end":{"line":310,"column":8},"skip":true}]},"27":{"line":313,"type":"binary-expr","locations":[{"start":{"line":313,"column":27},"end":{"line":313,"column":43},"skip":true},{"start":{"line":313,"column":47},"end":{"line":313,"column":53},"skip":true}]},"28":{"line":317,"type":"if","locations":[{"start":{"line":317,"column":12},"end":{"line":317,"column":12},"skip":true},{"start":{"line":317,"column":12},"end":{"line":317,"column":12},"skip":true}]}},"code":["/*","example.js","","quickstart example","","instruction","    1. save this script as example.js","    2. run the shell command:","        $ npm install npmtest-dr-frankenstyle && PORT=8081 node example.js","    3. play with the browser-demo on http://127.0.0.1:8081","*/","","","","/* istanbul instrument in package npmtest_dr_frankenstyle */","/*jslint","    bitwise: true,","    browser: true,","    maxerr: 8,","    maxlen: 96,","    node: true,","    nomen: true,","    regexp: true,","    stupid: true","*/","(function () {","    'use strict';","    var local;","","","","    // run shared js-env code - pre-init","    (function () {","        // init local","        local = {};","        // init modeJs","        local.modeJs = (function () {","            try {","                return typeof navigator.userAgent === 'string' &&","                    typeof document.querySelector('body') === 'object' &&","                    typeof XMLHttpRequest.prototype.open === 'function' &&","                    'browser';","            } catch (errorCaughtBrowser) {","                return module.exports &&","                    typeof process.versions.node === 'string' &&","                    typeof require('http').createServer === 'function' &&","                    'node';","            }","        }());","        // init global","        local.global = local.modeJs === 'browser'","            ? window","            : global;","        // init utility2_rollup","        local = local.global.utility2_rollup || (local.modeJs === 'browser'","            ? local.global.utility2_npmtest_dr_frankenstyle","            : global.utility2_moduleExports);","        // export local","        local.global.local = local;","    }());","    switch (local.modeJs) {","","","","    // post-init","    // run browser js-env code - post-init","    /* istanbul ignore next */","    case 'browser':","        local.testRunBrowser = function (event) {","            if (!event || (event &&","                    event.currentTarget &&","                    event.currentTarget.className &&","                    event.currentTarget.className.includes &&","                    event.currentTarget.className.includes('onreset'))) {","                // reset output","                Array.from(","                    document.querySelectorAll('body > .resettable')","                ).forEach(function (element) {","                    switch (element.tagName) {","                    case 'INPUT':","                    case 'TEXTAREA':","                        element.value = '';","                        break;","                    default:","                        element.textContent = '';","                    }","                });","            }","            switch (event && event.currentTarget && event.currentTarget.id) {","            case 'testRunButton1':","                // show tests","                if (document.querySelector('#testReportDiv1').style.display === 'none') {","                    document.querySelector('#testReportDiv1').style.display = 'block';","                    document.querySelector('#testRunButton1').textContent =","                        'hide internal test';","                    local.modeTest = true;","                    local.testRunDefault(local);","                // hide tests","                } else {","                    document.querySelector('#testReportDiv1').style.display = 'none';","                    document.querySelector('#testRunButton1').textContent = 'run internal test';","                }","                break;","            // custom-case","            default:","                break;","            }","            if (document.querySelector('#inputTextareaEval1') && (!event || (event &&","                    event.currentTarget &&","                    event.currentTarget.className &&","                    event.currentTarget.className.includes &&","                    event.currentTarget.className.includes('oneval')))) {","                // try to eval input-code","                try {","                    /*jslint evil: true*/","                    eval(document.querySelector('#inputTextareaEval1').value);","                } catch (errorCaught) {","                    console.error(errorCaught);","                }","            }","        };","        // log stderr and stdout to #outputTextareaStdout1","        ['error', 'log'].forEach(function (key) {","            console[key + '_original'] = console[key];","            console[key] = function () {","                var element;","                console[key + '_original'].apply(console, arguments);","                element = document.querySelector('#outputTextareaStdout1');","                if (!element) {","                    return;","                }","                // append text to #outputTextareaStdout1","                element.value += Array.from(arguments).map(function (arg) {","                    return typeof arg === 'string'","                        ? arg","                        : JSON.stringify(arg, null, 4);","                }).join(' ') + '\\n';","                // scroll textarea to bottom","                element.scrollTop = element.scrollHeight;","            };","        });","        // init event-handling","        ['change', 'click', 'keyup'].forEach(function (event) {","            Array.from(document.querySelectorAll('.on' + event)).forEach(function (element) {","                element.addEventListener(event, local.testRunBrowser);","            });","        });","        // run tests","        local.testRunBrowser();","        break;","","","","    // run node js-env code - post-init","    /* istanbul ignore next */","    case 'node':","        // export local","        module.exports = local;","        // require modules","        local.fs = require('fs');","        local.http = require('http');","        local.url = require('url');","        // init assets","        local.assetsDict = local.assetsDict || {};","        /* jslint-ignore-begin */","        local.assetsDict['/assets.index.template.html'] = '\\","<!doctype html>\\n\\","<html lang=\"en\">\\n\\","<head>\\n\\","<meta charset=\"UTF-8\">\\n\\","<meta name=\"viewport\" content=\"width=device-width, initial-scale=1\">\\n\\","<title>{{env.npm_package_name}} (v{{env.npm_package_version}})</title>\\n\\","<style>\\n\\","/*csslint\\n\\","    box-sizing: false,\\n\\","    universal-selector: false\\n\\","*/\\n\\","* {\\n\\","    box-sizing: border-box;\\n\\","}\\n\\","body {\\n\\","    background: #dde;\\n\\","    font-family: Arial, Helvetica, sans-serif;\\n\\","    margin: 2rem;\\n\\","}\\n\\","body > * {\\n\\","    margin-bottom: 1rem;\\n\\","}\\n\\",".utility2FooterDiv {\\n\\","    margin-top: 20px;\\n\\","    text-align: center;\\n\\","}\\n\\","</style>\\n\\","<style>\\n\\","/*csslint\\n\\","*/\\n\\","textarea {\\n\\","    font-family: monospace;\\n\\","    height: 10rem;\\n\\","    width: 100%;\\n\\","}\\n\\","textarea[readonly] {\\n\\","    background: #ddd;\\n\\","}\\n\\","</style>\\n\\","</head>\\n\\","<body>\\n\\","<!-- utility2-comment\\n\\","<div id=\"ajaxProgressDiv1\" style=\"background: #d00; height: 2px; left: 0; margin: 0; padding: 0; position: fixed; top: 0; transition: background 0.5s, width 1.5s; width: 25%;\"></div>\\n\\","utility2-comment -->\\n\\","<h1>\\n\\","<!-- utility2-comment\\n\\","    <a\\n\\","        {{#if env.npm_package_homepage}}\\n\\","        href=\"{{env.npm_package_homepage}}\"\\n\\","        {{/if env.npm_package_homepage}}\\n\\","        target=\"_blank\"\\n\\","    >\\n\\","utility2-comment -->\\n\\","        {{env.npm_package_name}} (v{{env.npm_package_version}})\\n\\","<!-- utility2-comment\\n\\","    </a>\\n\\","utility2-comment -->\\n\\","</h1>\\n\\","<h3>{{env.npm_package_description}}</h3>\\n\\","<!-- utility2-comment\\n\\","<h4><a download href=\"assets.app.js\">download standalone app</a></h4>\\n\\","<button class=\"onclick onreset\" id=\"testRunButton1\">run internal test</button><br>\\n\\","<div id=\"testReportDiv1\" style=\"display: none;\"></div>\\n\\","utility2-comment -->\\n\\","\\n\\","\\n\\","\\n\\","<label>stderr and stdout</label>\\n\\","<textarea class=\"resettable\" id=\"outputTextareaStdout1\" readonly></textarea>\\n\\","<!-- utility2-comment\\n\\","{{#if isRollup}}\\n\\","<script src=\"assets.app.js\"></script>\\n\\","{{#unless isRollup}}\\n\\","utility2-comment -->\\n\\","<script src=\"assets.utility2.rollup.js\"></script>\\n\\","<script src=\"jsonp.utility2._stateInit?callback=window.utility2._stateInit\"></script>\\n\\","<script src=\"assets.npmtest_dr_frankenstyle.rollup.js\"></script>\\n\\","<script src=\"assets.example.js\"></script>\\n\\","<script src=\"assets.test.js\"></script>\\n\\","<!-- utility2-comment\\n\\","{{/if isRollup}}\\n\\","utility2-comment -->\\n\\","<div class=\"utility2FooterDiv\">\\n\\","    [ this app was created with\\n\\","    <a href=\"https://github.com/kaizhu256/node-utility2\" target=\"_blank\">utility2</a>\\n\\","    ]\\n\\","</div>\\n\\","</body>\\n\\","</html>\\n\\","';","        /* jslint-ignore-end */","        if (local.templateRender) {","            local.assetsDict['/'] = local.templateRender(","                local.assetsDict['/assets.index.template.html'],","                {","                    env: local.objectSetDefault(local.env, {","                        npm_package_description: 'the greatest app in the world!',","                        npm_package_name: 'my-app',","                        npm_package_nameAlias: 'my_app',","                        npm_package_version: '0.0.1'","                    })","                }","            );","        } else {","            local.assetsDict['/'] = local.assetsDict['/assets.index.template.html']","                .replace((/\\{\\{env\\.(\\w+?)\\}\\}/g), function (match0, match1) {","                    // jslint-hack","                    String(match0);","                    switch (match1) {","                    case 'npm_package_description':","                        return 'the greatest app in the world!';","                    case 'npm_package_name':","                        return 'my-app';","                    case 'npm_package_nameAlias':","                        return 'my_app';","                    case 'npm_package_version':","                        return '0.0.1';","                    }","                });","        }","        // run the cli","        if (local.global.utility2_rollup || module !== require.main) {","            break;","        }","        local.assetsDict['/assets.example.js'] =","            local.assetsDict['/assets.example.js'] ||","            local.fs.readFileSync(__filename, 'utf8');","        // bug-workaround - long $npm_package_buildCustomOrg","        /* jslint-ignore-begin */","        local.assetsDict['/assets.npmtest_dr_frankenstyle.rollup.js'] =","            local.assetsDict['/assets.npmtest_dr_frankenstyle.rollup.js'] ||","            local.fs.readFileSync(","                local.npmtest_dr_frankenstyle.__dirname + '/lib.npmtest_dr_frankenstyle.js',","                'utf8'","            ).replace((/^#!/), '//');","        /* jslint-ignore-end */","        local.assetsDict['/favicon.ico'] = local.assetsDict['/favicon.ico'] || '';","        // if $npm_config_timeout_exit exists,","        // then exit this process after $npm_config_timeout_exit ms","        if (Number(process.env.npm_config_timeout_exit)) {","            setTimeout(process.exit, Number(process.env.npm_config_timeout_exit));","        }","        // start server","        if (local.global.utility2_serverHttp1) {","            break;","        }","        process.env.PORT = process.env.PORT || '8081';","        console.error('server starting on port ' + process.env.PORT);","        local.http.createServer(function (request, response) {","            request.urlParsed = local.url.parse(request.url);","            if (local.assetsDict[request.urlParsed.pathname] !== undefined) {","                response.end(local.assetsDict[request.urlParsed.pathname]);","                return;","            }","            response.statusCode = 404;","            response.end();","        }).listen(process.env.PORT);","        break;","    }","}());",""],"l":{"26":2,"28":2,"33":2,"35":2,"37":2,"38":2,"39":2,"44":1,"51":2,"55":2,"59":2,"61":2,"69":1,"70":2,"76":2,"79":2,"82":2,"83":2,"85":1,"89":2,"92":1,"93":1,"94":1,"96":1,"97":1,"100":1,"101":1,"103":1,"106":1,"108":2,"114":1,"116":1,"118":1,"123":1,"124":2,"125":2,"126":3,"127":3,"128":3,"129":3,"130":1,"133":3,"134":3,"139":3,"143":1,"144":3,"145":1,"149":1,"150":1,"158":1,"160":1,"161":1,"162":1,"164":1,"166":1,"258":1,"259":1,"271":1,"274":6,"275":6,"277":1,"279":2,"281":1,"283":2,"288":1,"289":1,"291":1,"296":1,"303":1,"306":1,"307":1,"310":1,"311":1,"313":1,"314":1,"315":1,"316":1,"317":1,"318":1,"319":1,"321":1,"322":1,"324":1}},"/home/travis/build/npmtest/node-npmtest-dr-frankenstyle/node_modules/dr-frankenstyle/dr-frankenstyle.js":{"path":"/home/travis/build/npmtest/node-npmtest-dr-frankenstyle/node_modules/dr-frankenstyle/dr-frankenstyle.js","s":{"1":1,"2":1,"3":1,"4":1,"5":1,"6":1,"7":1,"8":1,"9":1,"10":1,"11":1,"12":1,"13":1,"14":1,"15":1,"16":0,"17":0,"18":0,"19":0,"20":0,"21":1},"b":{"1":[0,0]},"f":{"1":1,"2":0,"3":0},"fnMap":{"1":{"name":"drFrankenstyle","line":25,"loc":{"start":{"line":25,"column":0},"end":{"line":25,"column":26}}},"2":{"name":"(anonymous_2)","line":31,"loc":{"start":{"line":31,"column":27},"end":{"line":31,"column":39}}},"3":{"name":"(anonymous_3)","line":32,"loc":{"start":{"line":32,"column":35},"end":{"line":32,"column":71}}}},"statementMap":{"1":{"start":{"line":4,"column":0},"end":{"line":4,"column":97}},"2":{"start":{"line":6,"column":0},"end":{"line":6,"column":26}},"3":{"start":{"line":7,"column":0},"end":{"line":7,"column":36}},"4":{"start":{"line":9,"column":0},"end":{"line":9,"column":43}},"5":{"start":{"line":11,"column":0},"end":{"line":11,"column":28}},"6":{"start":{"line":13,"column":0},"end":{"line":13,"column":43}},"7":{"start":{"line":15,"column":0},"end":{"line":15,"column":36}},"8":{"start":{"line":17,"column":0},"end":{"line":17,"column":51}},"9":{"start":{"line":19,"column":0},"end":{"line":19,"column":73}},"10":{"start":{"line":21,"column":0},"end":{"line":21,"column":83}},"11":{"start":{"line":23,"column":0},"end":{"line":23,"column":28}},"12":{"start":{"line":25,"column":0},"end":{"line":29,"column":1}},"13":{"start":{"line":26,"column":2},"end":{"line":26,"column":50}},"14":{"start":{"line":28,"column":2},"end":{"line":28,"column":142}},"15":{"start":{"line":31,"column":0},"end":{"line":39,"column":2}},"16":{"start":{"line":32,"column":2},"end":{"line":38,"column":5}},"17":{"start":{"line":33,"column":4},"end":{"line":36,"column":5}},"18":{"start":{"line":34,"column":6},"end":{"line":34,"column":81}},"19":{"start":{"line":35,"column":6},"end":{"line":35,"column":46}},"20":{"start":{"line":37,"column":4},"end":{"line":37,"column":25}},"21":{"start":{"line":40,"column":0},"end":{"line":40,"column":36}}},"branchMap":{"1":{"line":33,"type":"if","locations":[{"start":{"line":33,"column":4},"end":{"line":33,"column":4}},{"start":{"line":33,"column":4},"end":{"line":33,"column":4}}]}},"code":["//(c) Copyright 2015 Pivotal Software, Inc. All Rights Reserved.","'use strict';","","var _interopRequireDefault = require('babel-runtime/helpers/interop-require-default')['default'];","","exports.__esModule = true;","exports['default'] = drFrankenstyle;","","var _eventStream = require('event-stream');","","var _path = require('path');","","var _path2 = _interopRequireDefault(_path);","","var _through2 = require('through2');","","var _through22 = _interopRequireDefault(_through2);","","var _cssFilesFromDependencies = require('./css-files-from-dependencies');","","var _cssFilesFromDependencies2 = _interopRequireDefault(_cssFilesFromDependencies);","","var _dev = require('./dev');","","function drFrankenstyle() {","  var setupStream = _dev.setup({ cached: false });","","  return _eventStream.merge(setupStream.pipe(_dev.copyAssets()), setupStream.pipe(_dev.generateCss(_cssFilesFromDependencies2['default']())));","}","","drFrankenstyle.railsUrls = function () {","  return _through22['default'].obj(function (file, encoding, callback) {","    if (_path2['default'].extname(file.path) === '.css') {","      var newContents = file.contents.toString().replace(/url\\(/g, 'asset-url(');","      file.contents = new Buffer(newContents);","    }","    callback(null, file);","  });","};","module.exports = exports['default'];"],"l":{"4":1,"6":1,"7":1,"9":1,"11":1,"13":1,"15":1,"17":1,"19":1,"21":1,"23":1,"25":1,"26":1,"28":1,"31":1,"32":0,"33":0,"34":0,"35":0,"37":0,"40":1}},"/home/travis/build/npmtest/node-npmtest-dr-frankenstyle/node_modules/dr-frankenstyle/css-files-from-dependencies.js":{"path":"/home/travis/build/npmtest/node-npmtest-dr-frankenstyle/node_modules/dr-frankenstyle/css-files-from-dependencies.js","s":{"1":1,"2":1,"3":1,"4":1,"5":1,"6":1,"7":1,"8":1,"9":1,"10":1,"11":1,"12":2,"13":0,"14":0,"15":0,"16":0,"17":0,"18":1},"b":{},"f":{"1":2,"2":0,"3":0,"4":0},"fnMap":{"1":{"name":"cssFilesFromDependencies","line":23,"loc":{"start":{"line":23,"column":0},"end":{"line":23,"column":36}}},"2":{"name":"(anonymous_2)","line":24,"loc":{"start":{"line":24,"column":35},"end":{"line":24,"column":74}}},"3":{"name":"(anonymous_3)","line":25,"loc":{"start":{"line":25,"column":55},"end":{"line":25,"column":78}}},"4":{"name":"(anonymous_4)","line":28,"loc":{"start":{"line":28,"column":16},"end":{"line":28,"column":33}}}},"statementMap":{"1":{"start":{"line":4,"column":0},"end":{"line":4,"column":79}},"2":{"start":{"line":6,"column":0},"end":{"line":6,"column":97}},"3":{"start":{"line":8,"column":0},"end":{"line":8,"column":26}},"4":{"start":{"line":9,"column":0},"end":{"line":9,"column":46}},"5":{"start":{"line":11,"column":0},"end":{"line":11,"column":30}},"6":{"start":{"line":13,"column":0},"end":{"line":13,"column":45}},"7":{"start":{"line":15,"column":0},"end":{"line":15,"column":39}},"8":{"start":{"line":17,"column":0},"end":{"line":17,"column":53}},"9":{"start":{"line":19,"column":0},"end":{"line":19,"column":36}},"10":{"start":{"line":21,"column":0},"end":{"line":21,"column":51}},"11":{"start":{"line":23,"column":0},"end":{"line":33,"column":1}},"12":{"start":{"line":24,"column":2},"end":{"line":32,"column":5}},"13":{"start":{"line":25,"column":4},"end":{"line":31,"column":7}},"14":{"start":{"line":26,"column":6},"end":{"line":26,"column":141}},"15":{"start":{"line":27,"column":6},"end":{"line":27,"column":27}},"16":{"start":{"line":29,"column":6},"end":{"line":29,"column":33}},"17":{"start":{"line":30,"column":6},"end":{"line":30,"column":28}},"18":{"start":{"line":35,"column":0},"end":{"line":35,"column":36}}},"branchMap":{},"code":["//(c) Copyright 2015 Pivotal Software, Inc. All Rights Reserved.","'use strict';","","var _Object$assign = require('babel-runtime/core-js/object/assign')['default'];","","var _interopRequireDefault = require('babel-runtime/helpers/interop-require-default')['default'];","","exports.__esModule = true;","exports['default'] = cssFilesFromDependencies;","","var _vinyl = require('vinyl');","","var _vinyl2 = _interopRequireDefault(_vinyl);","","var _fsPromise = require('fs-promise');","","var _fsPromise2 = _interopRequireDefault(_fsPromise);","","var _through2 = require('through2');","","var _through22 = _interopRequireDefault(_through2);","","function cssFilesFromDependencies() {","  return _through22['default'].obj(function (cssInfo, encoding, callback) {","    _fsPromise2['default'].readFile(cssInfo.path).then(function (cssContents) {","      var file = _Object$assign(new _vinyl2['default']({ path: cssInfo.path, contents: cssContents }), { packageName: cssInfo.packageName });","      callback(null, file);","    })['catch'](function (error) {","      console.error(error.stack);","      callback(error, null);","    });","  });","}","","module.exports = exports['default'];"],"l":{"4":1,"6":1,"8":1,"9":1,"11":1,"13":1,"15":1,"17":1,"19":1,"21":1,"23":1,"24":2,"25":0,"26":0,"27":0,"29":0,"30":0,"35":1}},"/home/travis/build/npmtest/node-npmtest-dr-frankenstyle/node_modules/dr-frankenstyle/dev/index.js":{"path":"/home/travis/build/npmtest/node-npmtest-dr-frankenstyle/node_modules/dr-frankenstyle/dev/index.js","s":{"1":1},"b":{},"f":{},"fnMap":{},"statementMap":{"1":{"start":{"line":4,"column":0},"end":{"line":8,"column":2}}},"branchMap":{},"code":["//(c) Copyright 2015 Pivotal Software, Inc. All Rights Reserved.","'use strict';","","module.exports = {","  setup: require('./setup'),","  copyAssets: require('./copy-assets'),","  generateCss: require('./generate-css')","};"],"l":{"4":1}},"/home/travis/build/npmtest/node-npmtest-dr-frankenstyle/node_modules/dr-frankenstyle/dev/setup.js":{"path":"/home/travis/build/npmtest/node-npmtest-dr-frankenstyle/node_modules/dr-frankenstyle/dev/setup.js","s":{"1":1,"2":1,"3":1,"4":1,"5":1,"6":1,"7":1,"8":1,"9":1,"10":1,"11":1,"12":1,"13":1,"14":1,"15":1,"16":1,"17":1,"18":1,"19":1,"20":1,"21":1,"22":0,"23":1,"24":1,"25":0,"26":1,"27":1,"28":0,"29":1,"30":1,"31":0,"32":0,"33":0,"34":1,"35":0,"36":0,"37":1,"38":1,"39":1,"40":1},"b":{"1":[0,1],"2":[0,1],"3":[0,1]},"f":{"1":1,"2":0,"3":0,"4":0},"fnMap":{"1":{"name":"setupDevelopmentCache","line":37,"loc":{"start":{"line":37,"column":0},"end":{"line":37,"column":37}}},"2":{"name":"(anonymous_2)","line":58,"loc":{"start":{"line":58,"column":79},"end":{"line":58,"column":107}}},"3":{"name":"(anonymous_3)","line":61,"loc":{"start":{"line":61,"column":27},"end":{"line":61,"column":61}}},"4":{"name":"(anonymous_4)","line":68,"loc":{"start":{"line":68,"column":45},"end":{"line":68,"column":71}}}},"statementMap":{"1":{"start":{"line":4,"column":0},"end":{"line":4,"column":97}},"2":{"start":{"line":6,"column":0},"end":{"line":6,"column":26}},"3":{"start":{"line":7,"column":0},"end":{"line":7,"column":43}},"4":{"start":{"line":9,"column":0},"end":{"line":9,"column":54}},"5":{"start":{"line":11,"column":0},"end":{"line":11,"column":65}},"6":{"start":{"line":13,"column":0},"end":{"line":13,"column":74}},"7":{"start":{"line":15,"column":0},"end":{"line":15,"column":83}},"8":{"start":{"line":17,"column":0},"end":{"line":17,"column":57}},"9":{"start":{"line":19,"column":0},"end":{"line":19,"column":67}},"10":{"start":{"line":21,"column":0},"end":{"line":21,"column":43}},"11":{"start":{"line":23,"column":0},"end":{"line":23,"column":45}},"12":{"start":{"line":25,"column":0},"end":{"line":25,"column":59}},"13":{"start":{"line":27,"column":0},"end":{"line":27,"column":30}},"14":{"start":{"line":29,"column":0},"end":{"line":29,"column":45}},"15":{"start":{"line":31,"column":0},"end":{"line":31,"column":35}},"16":{"start":{"line":33,"column":0},"end":{"line":33,"column":24}},"17":{"start":{"line":35,"column":0},"end":{"line":35,"column":39}},"18":{"start":{"line":37,"column":0},"end":{"line":78,"column":1}},"19":{"start":{"line":38,"column":2},"end":{"line":38,"column":32}},"20":{"start":{"line":39,"column":2},"end":{"line":39,"column":63}},"21":{"start":{"line":41,"column":2},"end":{"line":43,"column":3}},"22":{"start":{"line":42,"column":4},"end":{"line":42,"column":33}},"23":{"start":{"line":45,"column":2},"end":{"line":54,"column":3}},"24":{"start":{"line":46,"column":4},"end":{"line":46,"column":84}},"25":{"start":{"line":48,"column":4},"end":{"line":48,"column":42}},"26":{"start":{"line":50,"column":4},"end":{"line":50,"column":21}},"27":{"start":{"line":51,"column":4},"end":{"line":53,"column":5}},"28":{"start":{"line":52,"column":6},"end":{"line":52,"column":14}},"29":{"start":{"line":56,"column":2},"end":{"line":56,"column":70}},"30":{"start":{"line":58,"column":2},"end":{"line":66,"column":6}},"31":{"start":{"line":59,"column":4},"end":{"line":59,"column":26}},"32":{"start":{"line":60,"column":4},"end":{"line":60,"column":16}},"33":{"start":{"line":62,"column":4},"end":{"line":65,"column":8}},"34":{"start":{"line":68,"column":2},"end":{"line":71,"column":5}},"35":{"start":{"line":69,"column":4},"end":{"line":69,"column":128}},"36":{"start":{"line":70,"column":4},"end":{"line":70,"column":25}},"37":{"start":{"line":73,"column":2},"end":{"line":73,"column":83}},"38":{"start":{"line":75,"column":2},"end":{"line":75,"column":166}},"39":{"start":{"line":77,"column":2},"end":{"line":77,"column":108}},"40":{"start":{"line":80,"column":0},"end":{"line":80,"column":36}}},"branchMap":{"1":{"line":39,"type":"cond-expr","locations":[{"start":{"line":39,"column":43},"end":{"line":39,"column":48}},{"start":{"line":39,"column":51},"end":{"line":39,"column":62}}]},"2":{"line":41,"type":"if","locations":[{"start":{"line":41,"column":2},"end":{"line":41,"column":2}},{"start":{"line":41,"column":2},"end":{"line":41,"column":2}}]},"3":{"line":51,"type":"if","locations":[{"start":{"line":51,"column":4},"end":{"line":51,"column":4}},{"start":{"line":51,"column":4},"end":{"line":51,"column":4}}]}},"code":["//(c) Copyright 2015 Pivotal Software, Inc. All Rights Reserved.","'use strict';","","var _interopRequireDefault = require('babel-runtime/helpers/interop-require-default')['default'];","","exports.__esModule = true;","exports['default'] = setupDevelopmentCache;","","var _cssDependencies = require('../css-dependencies');","","var _cssDependencies2 = _interopRequireDefault(_cssDependencies);","","var _cssFilesFromDependencies = require('../css-files-from-dependencies');","","var _cssFilesFromDependencies2 = _interopRequireDefault(_cssFilesFromDependencies);","","var _assetRenameTable = require('../asset-rename-table');","","var _assetRenameTable2 = _interopRequireDefault(_assetRenameTable);","","var _eventStream = require('event-stream');","","var _streamReduce = require('stream-reduce');","","var _streamReduce2 = _interopRequireDefault(_streamReduce);","","var _vinyl = require('vinyl');","","var _vinyl2 = _interopRequireDefault(_vinyl);","","var _vinylFs = require('vinyl-fs');","","var _fs = require('fs');","","var _fs2 = _interopRequireDefault(_fs);","","function setupDevelopmentCache(_ref) {","  var _ref$cached = _ref.cached;","  var cached = _ref$cached === undefined ? false : _ref$cached;","","  if (cached) {","    return _vinylFs.src('tmp/*');","  }","","  try {","    var _JSON$parse = JSON.parse(_fs2['default'].readFileSync('.drfrankenstylerc'));","","    var whitelist = _JSON$parse.whitelist;","  } catch (e) {","    whitelist = null;","    if (e.code !== 'ENOENT') {","      throw e;","    }","  }","","  var cssDependenciesStream = _cssDependencies2['default'](whitelist);","","  var fileFromDependencyList = _eventStream.pipeline(_streamReduce2['default'](function (memo, dependency) {","    memo.push(dependency);","    return memo;","  }, []), _eventStream.map(function (dependencies, callback) {","    callback(null, new _vinyl2['default']({","      path: 'dependencies-list.json',","      contents: new Buffer(JSON.stringify(dependencies, null, 2))","    }));","  }));","","  var fileFromRenameTable = _eventStream.map(function (data, callback) {","    var file = new _vinyl2['default']({ path: 'asset-rename-table.json', contents: new Buffer(JSON.stringify(data, null, 2)) });","    callback(null, file);","  });","","  var buildDependencyListFile = cssDependenciesStream.pipe(fileFromDependencyList);","","  var buildAssetRenameTableFile = cssDependenciesStream.pipe(_cssFilesFromDependencies2['default']()).pipe(_assetRenameTable2['default']()).pipe(fileFromRenameTable);","","  return _eventStream.merge(buildDependencyListFile, buildAssetRenameTableFile).pipe(_vinylFs.dest('tmp/'));","}","","module.exports = exports['default'];"],"l":{"4":1,"6":1,"7":1,"9":1,"11":1,"13":1,"15":1,"17":1,"19":1,"21":1,"23":1,"25":1,"27":1,"29":1,"31":1,"33":1,"35":1,"37":1,"38":1,"39":1,"41":1,"42":0,"45":1,"46":1,"48":0,"50":1,"51":1,"52":0,"56":1,"58":1,"59":0,"60":0,"62":0,"68":1,"69":0,"70":0,"73":1,"75":1,"77":1,"80":1}},"/home/travis/build/npmtest/node-npmtest-dr-frankenstyle/node_modules/dr-frankenstyle/css-dependencies.js":{"path":"/home/travis/build/npmtest/node-npmtest-dr-frankenstyle/node_modules/dr-frankenstyle/css-dependencies.js","s":{"1":1,"2":1,"3":1,"4":1,"5":1,"6":1,"7":1,"8":1,"9":1,"10":1,"11":1,"12":1,"13":1,"14":1,"15":1,"16":1,"17":1,"18":1,"19":1,"20":1,"21":1,"22":1,"23":1,"24":1,"25":0,"26":0,"27":0,"28":0,"29":0,"30":0,"31":0,"32":0,"33":0,"34":0,"35":0,"36":0,"37":0,"38":0,"39":0,"40":0,"41":0,"42":0,"43":0,"44":0,"45":0,"46":0,"47":0,"48":0,"49":0,"50":0,"51":0,"52":0,"53":0,"54":0,"55":0,"56":0,"57":1,"58":1},"b":{"1":[1,0,0,0,0,0,0,0,0,0,0,0,0],"2":[0,0],"3":[0,0],"4":[0,0],"5":[0,0]},"f":{"1":1,"2":1,"3":1},"fnMap":{"1":{"name":"cssDependencies","line":29,"loc":{"start":{"line":29,"column":0},"end":{"line":29,"column":36}}},"2":{"name":"callee$1$0","line":34,"loc":{"start":{"line":34,"column":3},"end":{"line":34,"column":25}}},"3":{"name":"callee$1$0$","line":37,"loc":{"start":{"line":37,"column":37},"end":{"line":37,"column":71}}}},"statementMap":{"1":{"start":{"line":4,"column":0},"end":{"line":4,"column":74}},"2":{"start":{"line":6,"column":0},"end":{"line":6,"column":76}},"3":{"start":{"line":8,"column":0},"end":{"line":8,"column":97}},"4":{"start":{"line":10,"column":0},"end":{"line":10,"column":26}},"5":{"start":{"line":11,"column":0},"end":{"line":11,"column":37}},"6":{"start":{"line":13,"column":0},"end":{"line":13,"column":36}},"7":{"start":{"line":15,"column":0},"end":{"line":15,"column":51}},"8":{"start":{"line":17,"column":0},"end":{"line":17,"column":28}},"9":{"start":{"line":19,"column":0},"end":{"line":19,"column":43}},"10":{"start":{"line":21,"column":0},"end":{"line":21,"column":54}},"11":{"start":{"line":23,"column":0},"end":{"line":23,"column":67}},"12":{"start":{"line":25,"column":0},"end":{"line":25,"column":45}},"13":{"start":{"line":27,"column":0},"end":{"line":27,"column":59}},"14":{"start":{"line":29,"column":0},"end":{"line":114,"column":1}},"15":{"start":{"line":30,"column":2},"end":{"line":30,"column":19}},"16":{"start":{"line":32,"column":2},"end":{"line":32,"column":43}},"17":{"start":{"line":34,"column":2},"end":{"line":111,"column":7}},"18":{"start":{"line":35,"column":4},"end":{"line":35,"column":74}},"19":{"start":{"line":37,"column":4},"end":{"line":110,"column":31}},"20":{"start":{"line":38,"column":6},"end":{"line":109,"column":7}},"21":{"start":{"line":38,"column":16},"end":{"line":109,"column":7}},"22":{"start":{"line":40,"column":10},"end":{"line":40,"column":31}},"23":{"start":{"line":41,"column":10},"end":{"line":41,"column":31}},"24":{"start":{"line":42,"column":10},"end":{"line":42,"column":116}},"25":{"start":{"line":45,"column":10},"end":{"line":45,"column":42}},"26":{"start":{"line":46,"column":10},"end":{"line":46,"column":140}},"27":{"start":{"line":49,"column":10},"end":{"line":52,"column":11}},"28":{"start":{"line":50,"column":12},"end":{"line":50,"column":34}},"29":{"start":{"line":51,"column":12},"end":{"line":51,"column":18}},"30":{"start":{"line":54,"column":10},"end":{"line":57,"column":11}},"31":{"start":{"line":55,"column":12},"end":{"line":55,"column":33}},"32":{"start":{"line":56,"column":12},"end":{"line":56,"column":18}},"33":{"start":{"line":59,"column":10},"end":{"line":59,"column":49}},"34":{"start":{"line":62,"column":10},"end":{"line":62,"column":33}},"35":{"start":{"line":63,"column":10},"end":{"line":63,"column":32}},"36":{"start":{"line":64,"column":10},"end":{"line":64,"column":16}},"37":{"start":{"line":67,"column":10},"end":{"line":67,"column":32}},"38":{"start":{"line":69,"column":10},"end":{"line":72,"column":11}},"39":{"start":{"line":70,"column":12},"end":{"line":70,"column":34}},"40":{"start":{"line":71,"column":12},"end":{"line":71,"column":18}},"41":{"start":{"line":74,"column":10},"end":{"line":74,"column":49}},"42":{"start":{"line":77,"column":10},"end":{"line":77,"column":26}},"43":{"start":{"line":80,"column":10},"end":{"line":80,"column":29}},"44":{"start":{"line":81,"column":10},"end":{"line":81,"column":83}},"45":{"start":{"line":82,"column":10},"end":{"line":82,"column":32}},"46":{"start":{"line":83,"column":10},"end":{"line":86,"column":14}},"47":{"start":{"line":89,"column":10},"end":{"line":89,"column":31}},"48":{"start":{"line":90,"column":10},"end":{"line":90,"column":16}},"49":{"start":{"line":93,"column":10},"end":{"line":93,"column":32}},"50":{"start":{"line":94,"column":10},"end":{"line":94,"column":97}},"51":{"start":{"line":97,"column":10},"end":{"line":97,"column":32}},"52":{"start":{"line":98,"column":10},"end":{"line":98,"column":16}},"53":{"start":{"line":101,"column":10},"end":{"line":101,"column":32}},"54":{"start":{"line":102,"column":10},"end":{"line":102,"column":51}},"55":{"start":{"line":104,"column":10},"end":{"line":104,"column":46}},"56":{"start":{"line":108,"column":10},"end":{"line":108,"column":36}},"57":{"start":{"line":113,"column":2},"end":{"line":113,"column":16}},"58":{"start":{"line":116,"column":0},"end":{"line":116,"column":36}}},"branchMap":{"1":{"line":38,"type":"switch","locations":[{"start":{"line":39,"column":8},"end":{"line":42,"column":116}},{"start":{"line":44,"column":8},"end":{"line":46,"column":140}},{"start":{"line":48,"column":8},"end":{"line":59,"column":49}},{"start":{"line":61,"column":8},"end":{"line":64,"column":16}},{"start":{"line":66,"column":8},"end":{"line":74,"column":49}},{"start":{"line":76,"column":8},"end":{"line":77,"column":26}},{"start":{"line":79,"column":8},"end":{"line":86,"column":14}},{"start":{"line":88,"column":8},"end":{"line":90,"column":16}},{"start":{"line":92,"column":8},"end":{"line":94,"column":97}},{"start":{"line":96,"column":8},"end":{"line":98,"column":16}},{"start":{"line":100,"column":8},"end":{"line":104,"column":46}},{"start":{"line":106,"column":8},"end":{"line":106,"column":16}},{"start":{"line":107,"column":8},"end":{"line":108,"column":36}}]},"2":{"line":46,"type":"cond-expr","locations":[{"start":{"line":46,"column":104},"end":{"line":46,"column":113}},{"start":{"line":46,"column":116},"end":{"line":46,"column":139}}]},"3":{"line":49,"type":"if","locations":[{"start":{"line":49,"column":10},"end":{"line":49,"column":10}},{"start":{"line":49,"column":10},"end":{"line":49,"column":10}}]},"4":{"line":54,"type":"if","locations":[{"start":{"line":54,"column":10},"end":{"line":54,"column":10}},{"start":{"line":54,"column":10},"end":{"line":54,"column":10}}]},"5":{"line":69,"type":"if","locations":[{"start":{"line":69,"column":10},"end":{"line":69,"column":10}},{"start":{"line":69,"column":10},"end":{"line":69,"column":10}}]}},"code":["//(c) Copyright 2015 Pivotal Software, Inc. All Rights Reserved.","'use strict';","","var _regeneratorRuntime = require('babel-runtime/regenerator')['default'];","","var _getIterator = require('babel-runtime/core-js/get-iterator')['default'];","","var _interopRequireDefault = require('babel-runtime/helpers/interop-require-default')['default'];","","exports.__esModule = true;","exports['default'] = cssDependencies;","","var _through2 = require('through2');","","var _through22 = _interopRequireDefault(_through2);","","var _path = require('path');","","var _path2 = _interopRequireDefault(_path);","","var _dependency_graph = require('./dependency_graph');","","var _dependency_graph2 = _interopRequireDefault(_dependency_graph);","","var _es6Promisify = require('es6-promisify');","","var _es6Promisify2 = _interopRequireDefault(_es6Promisify);","","function cssDependencies(whitelist) {","  var _this = this;","","  var stream = _through22['default'].obj();","","  (function callee$1$0() {","    var dependencies, _iterator, _isArray, _i, _ref, packageJson, cssPath;","","    return _regeneratorRuntime.async(function callee$1$0$(context$2$0) {","      while (1) switch (context$2$0.prev = context$2$0.next) {","        case 0:","          context$2$0.prev = 0;","          context$2$0.next = 3;","          return _regeneratorRuntime.awrap(new _dependency_graph2['default'](whitelist).orderedStyleDependencies());","","        case 3:","          dependencies = context$2$0.sent;","          _iterator = dependencies, _isArray = Array.isArray(_iterator), _i = 0, _iterator = _isArray ? _iterator : _getIterator(_iterator);","","        case 5:","          if (!_isArray) {","            context$2$0.next = 11;","            break;","          }","","          if (!(_i >= _iterator.length)) {","            context$2$0.next = 8;","            break;","          }","","          return context$2$0.abrupt('break', 21);","","        case 8:","          _ref = _iterator[_i++];","          context$2$0.next = 15;","          break;","","        case 11:","          _i = _iterator.next();","","          if (!_i.done) {","            context$2$0.next = 14;","            break;","          }","","          return context$2$0.abrupt('break', 21);","","        case 14:","          _ref = _i.value;","","        case 15:","          packageJson = _ref;","          cssPath = _path2['default'].resolve(packageJson.path, packageJson.style);","          context$2$0.next = 19;","          return _regeneratorRuntime.awrap(_es6Promisify2['default'](stream.write.bind(stream))({","            path: cssPath,","            packageName: packageJson.name","          }));","","        case 19:","          context$2$0.next = 5;","          break;","","        case 21:","          context$2$0.next = 23;","          return _regeneratorRuntime.awrap(_es6Promisify2['default'](stream.end.bind(stream))());","","        case 23:","          context$2$0.next = 28;","          break;","","        case 25:","          context$2$0.prev = 25;","          context$2$0.t0 = context$2$0['catch'](0);","","          console.error(context$2$0.t0.stack);","","        case 28:","        case 'end':","          return context$2$0.stop();","      }","    }, null, _this, [[0, 25]]);","  })();","","  return stream;","}","","module.exports = exports['default'];"],"l":{"4":1,"6":1,"8":1,"10":1,"11":1,"13":1,"15":1,"17":1,"19":1,"21":1,"23":1,"25":1,"27":1,"29":1,"30":1,"32":1,"34":1,"35":1,"37":1,"38":1,"40":1,"41":1,"42":1,"45":0,"46":0,"49":0,"50":0,"51":0,"54":0,"55":0,"56":0,"59":0,"62":0,"63":0,"64":0,"67":0,"69":0,"70":0,"71":0,"74":0,"77":0,"80":0,"81":0,"82":0,"83":0,"89":0,"90":0,"93":0,"94":0,"97":0,"98":0,"101":0,"102":0,"104":0,"108":0,"113":1,"116":1}},"/home/travis/build/npmtest/node-npmtest-dr-frankenstyle/node_modules/dr-frankenstyle/dependency_graph.js":{"path":"/home/travis/build/npmtest/node-npmtest-dr-frankenstyle/node_modules/dr-frankenstyle/dependency_graph.js","s":{"1":1,"2":1,"3":1,"4":1,"5":1,"6":1,"7":1,"8":1,"9":1,"10":1,"11":1,"12":1,"13":1,"14":1,"15":1,"16":1,"17":1,"18":1,"19":1,"20":1,"21":1,"22":1,"23":1,"24":1,"25":1,"26":1,"27":1,"28":1,"29":1,"30":0,"31":0,"32":0,"33":0,"34":0,"35":0,"36":0,"37":0,"38":0,"39":0,"40":0,"41":0,"42":0,"43":0,"44":0,"45":0,"46":0,"47":0,"48":0,"49":0,"50":0,"51":0,"52":0,"53":1,"54":1,"55":1,"56":1,"57":1,"58":2,"59":2,"60":1,"61":1,"62":1,"63":1,"64":1,"65":1,"66":1,"67":0,"68":0,"69":0,"70":0,"71":0,"72":0,"73":0,"74":0,"75":0,"76":0,"77":0,"78":0,"79":0,"80":0,"81":0,"82":0,"83":0,"84":0,"85":0,"86":0,"87":0,"88":0,"89":0,"90":0,"91":0,"92":0,"93":1,"94":1,"95":0,"96":0,"97":0,"98":0,"99":0,"100":0,"101":0,"102":0,"103":0,"104":0,"105":0,"106":0,"107":0,"108":0,"109":0,"110":0,"111":0,"112":0,"113":0,"114":0,"115":0,"116":0,"117":0,"118":0,"119":0,"120":0,"121":0,"122":0,"123":0,"124":0,"125":0,"126":0,"127":0,"128":0,"129":0,"130":0,"131":0,"132":0,"133":0,"134":0,"135":0,"136":0,"137":0,"138":0,"139":0,"140":0,"141":0,"142":0,"143":0,"144":0,"145":0,"146":0,"147":0,"148":0,"149":0,"150":0,"151":0,"152":1,"153":0,"154":0,"155":0,"156":0,"157":0,"158":0,"159":0,"160":0,"161":0,"162":0,"163":1,"164":0,"165":0,"166":0,"167":0,"168":0,"169":0,"170":0,"171":0,"172":0,"173":0,"174":0,"175":0,"176":0,"177":0,"178":0,"179":1,"180":1,"181":1,"182":1,"183":1,"184":1,"185":1,"186":1,"187":0,"188":0,"189":0,"190":0,"191":0,"192":0,"193":0,"194":0,"195":0,"196":0,"197":0,"198":0,"199":0,"200":0,"201":0,"202":0,"203":0,"204":0,"205":0,"206":0,"207":0,"208":0,"209":0,"210":0,"211":0,"212":0,"213":0,"214":0,"215":0,"216":0,"217":0,"218":0,"219":0,"220":0,"221":0,"222":0,"223":0,"224":0,"225":0,"226":0,"227":0,"228":0,"229":0,"230":0,"231":0,"232":0,"233":0,"234":0,"235":0,"236":0,"237":0,"238":0,"239":0,"240":1,"241":1,"242":1},"b":{"1":[1,0],"2":[1,0],"3":[0,0,0,0,0],"4":[1,1,1,1],"5":[0,0,0,0,0,0],"6":[0,0],"7":[0,0],"8":[0,0],"9":[0,0],"10":[0,0,0,0,0,0,0,0,0,0,0,0,0,0,0,0],"11":[0,0],"12":[0,0],"13":[0,0],"14":[0,0],"15":[0,0],"16":[0,0],"17":[0,0],"18":[0,0],"19":[0,0],"20":[0,0],"21":[0,0,0,0],"22":[0,0,0,0],"23":[1,0,0,0,0,0,0,0,0,0,0,0,0,0,0,0,0,0],"24":[0,0],"25":[0,0],"26":[0,0],"27":[0,0],"28":[0,0],"29":[0,0],"30":[0,0],"31":[0,0]},"f":{"1":1,"2":1,"3":0,"4":0,"5":0,"6":1,"7":1,"8":2,"9":0,"10":0,"11":0,"12":0,"13":0,"14":0,"15":0,"16":0,"17":0,"18":0,"19":0,"20":0,"21":0,"22":0,"23":1,"24":1,"25":0,"26":0},"fnMap":{"1":{"name":"(anonymous_1)","line":48,"loc":{"start":{"line":48,"column":23},"end":{"line":48,"column":35}}},"2":{"name":"DependencyGraph","line":49,"loc":{"start":{"line":49,"column":2},"end":{"line":49,"column":38}}},"3":{"name":"readJson","line":58,"loc":{"start":{"line":58,"column":39},"end":{"line":58,"column":59}}},"4":{"name":"callee$2$0","line":65,"loc":{"start":{"line":65,"column":24},"end":{"line":65,"column":53}}},"5":{"name":"callee$2$0$","line":67,"loc":{"start":{"line":67,"column":39},"end":{"line":67,"column":73}}},"6":{"name":"installedPackagesLookup","line":99,"loc":{"start":{"line":99,"column":54},"end":{"line":99,"column":89}}},"7":{"name":"callee$2$0","line":102,"loc":{"start":{"line":102,"column":24},"end":{"line":102,"column":61}}},"8":{"name":"callee$2$0$","line":104,"loc":{"start":{"line":104,"column":39},"end":{"line":104,"column":73}}},"9":{"name":"callee$3$0","line":122,"loc":{"start":{"line":122,"column":46},"end":{"line":122,"column":83}}},"10":{"name":"callee$3$0$","line":124,"loc":{"start":{"line":124,"column":47},"end":{"line":124,"column":81}}},"11":{"name":"(anonymous_11)","line":164,"loc":{"start":{"line":164,"column":56},"end":{"line":164,"column":85}}},"12":{"name":"(anonymous_12)","line":166,"loc":{"start":{"line":166,"column":58},"end":{"line":166,"column":86}}},"13":{"name":"dependencies","line":180,"loc":{"start":{"line":180,"column":43},"end":{"line":180,"column":67}}},"14":{"name":"dependencies$","line":183,"loc":{"start":{"line":183,"column":37},"end":{"line":183,"column":73}}},"15":{"name":"styleDependencies","line":292,"loc":{"start":{"line":292,"column":48},"end":{"line":292,"column":77}}},"16":{"name":"styleDependencies$","line":293,"loc":{"start
[...]
,"2":1,"3":1,"4":0,"5":0,"6":0,"7":0,"8":0,"9":0,"10":0,"11":0,"12":0,"13":0,"14":0,"15":0,"16":0,"17":0,"18":0,"19":0,"20":0,"21":1},"b":{"1":[0,0,0,0,0,0],"2":[0,0]},"f":{"1":0,"2":0},"fnMap":{"1":{"name":"callee$0$0","line":8,"loc":{"start":{"line":8,"column":21},"end":{"line":8,"column":61}}},"2":{"name":"callee$0$0$","line":10,"loc":{"start":{"line":10,"column":35},"end":{"line":10,"column":69}}}},"statementMap":{"1":{"start":{"line":4,"column":0},"end":{"line":4,"column":74}},"2":{"start":{"line":6,"column":0},"end":{"line":6,"column":26}},"3":{"start":{"line":8,"column":0},"end":{"line":38,"column":2}},"4":{"start":{"line":9,"column":2},"end":{"line":9,"column":13}},"5":{"start":{"line":10,"column":2},"end":{"line":37,"column":27}},"6":{"start":{"line":11,"column":4},"end":{"line":36,"column":5}},"7":{"start":{"line":11,"column":14},"end":{"line":36,"column":5}},"8":{"start":{"line":13,"column":8},"end":{"line":13,"column":27}},"9":{"start":{"line":14,"column":8},"end":{"line":14,"column":29}},"10":{"start":{"line":15,"column":8},"end":{"line":15,"column":29}},"11":{"start":{"line":16,"column":8},"end":{"line":16,"column":50}},"12":{"start":{"line":19,"column":8},"end":{"line":19,"column":34}},"13":{"start":{"line":20,"column":8},"end":{"line":20,"column":30}},"14":{"start":{"line":21,"column":8},"end":{"line":21,"column":14}},"15":{"start":{"line":24,"column":8},"end":{"line":24,"column":29}},"16":{"start":{"line":25,"column":8},"end":{"line":25,"column":49}},"17":{"start":{"line":27,"column":8},"end":{"line":27,"column":57}},"18":{"start":{"line":28,"column":8},"end":{"line":28,"column":29}},"19":{"start":{"line":31,"column":8},"end":{"line":31,"column":52}},"20":{"start":{"line":35,"column":8},"end":{"line":35,"column":34}},"21":{"start":{"line":40,"column":0},"end":{"line":40,"column":36}}},"branchMap":{"1":{"line":11,"type":"switch","locations":[{"start":{"line":12,"column":6},"end":{"line":16,"column":50}},{"start":{"line":18,"column":6},"end":{"line":21,"column":14}},{"start":{"line":23,"column":6},"end":{"line":28,"column":29}},{"start":{"line":30,"column":6},"end":{"line":31,"column":52}},{"start":{"line":33,"column":6},"end":{"line":33,"column":14}},{"start":{"line":34,"column":6},"end":{"line":35,"column":34}}]},"2":{"line":27,"type":"binary-expr","locations":[{"start":{"line":27,"column":22},"end":{"line":27,"column":31}},{"start":{"line":27,"column":35},"end":{"line":27,"column":55}}]}},"code":["//(c) Copyright 2015 Pivotal Software, Inc. All Rights Reserved.","\"use strict\";","","var _regeneratorRuntime = require(\"babel-runtime/regenerator\")[\"default\"];","","exports.__esModule = true;","","exports[\"default\"] = function callee$0$0(promise, errorText) {","  var result;","  return _regeneratorRuntime.async(function callee$0$0$(context$1$0) {","    while (1) switch (context$1$0.prev = context$1$0.next) {","      case 0:","        result = undefined;","        context$1$0.prev = 1;","        context$1$0.next = 4;","        return _regeneratorRuntime.awrap(promise);","","      case 4:","        result = context$1$0.sent;","        context$1$0.next = 11;","        break;","","      case 7:","        context$1$0.prev = 7;","        context$1$0.t0 = context$1$0[\"catch\"](1);","","        console.error(errorText || context$1$0.t0.stack);","        throw context$1$0.t0;","","      case 11:","        return context$1$0.abrupt(\"return\", result);","","      case 12:","      case \"end\":","        return context$1$0.stop();","    }","  }, null, this, [[1, 7]]);","};","","module.exports = exports[\"default\"];"],"l":{"4":1,"6":1,"8":1,"9":0,"10":0,"11":0,"13":0,"14":0,"15":0,"16":0,"19":0,"20":0,"21":0,"24":0,"25":0,"27":0,"28":0,"31":0,"35":0,"40":1}},"/home/travis/build/npmtest/node-npmtest-dr-frankenstyle/node_modules/dr-frankenstyle/dev/generate-css.js":{"path":"/home/travis/build/npmtest/node-npmtest-dr-frankenstyle/node_modules/dr-frankenstyle/dev/generate-css.js","s":{"1":1,"2":1,"3":1,"4":1,"5":1,"6":1,"7":1,"8":1,"9":1,"10":1,"11":1,"12":1,"13":1,"14":1,"15":1,"16":0,"17":1,"18":0,"19":0,"20":0,"21":1,"22":0,"23":0,"24":0,"25":0,"26":0,"27":0,"28":0,"29":0,"30":0,"31":0,"32":0,"33":0,"34":0,"35":0,"36":1,"37":1,"38":1},"b":{"1":[0,0],"2":[0,0],"3":[0,0],"4":[0,0],"5":[0,0]},"f":{"1":1,"2":0,"3":0,"4":0},"fnMap":{"1":{"name":"generateCss","line":29,"loc":{"start":{"line":29,"column":0},"end":{"line":29,"column":36}}},"2":{"name":"(anonymous_2)","line":30,"loc":{"start":{"line":30,"column":31},"end":{"line":30,"column":57}}},"3":{"name":"(anonymous_3)","line":34,"loc":{"start":{"line":34,"column":52},"end":{"line":34,"column":74}}},"4":{"name":"(anonymous_4)","line":42,"loc":{"start":{"line":42,"column":56},"end":{"line":42,"column":92}}}},"statementMap":{"1":{"start":{"line":4,"column":0},"end":{"line":4,"column":76}},"2":{"start":{"line":6,"column":0},"end":{"line":6,"column":97}},"3":{"start":{"line":8,"column":0},"end":{"line":8,"column":26}},"4":{"start":{"line":9,"column":0},"end":{"line":9,"column":33}},"5":{"start":{"line":11,"column":0},"end":{"line":11,"column":43}},"6":{"start":{"line":13,"column":0},"end":{"line":13,"column":36}},"7":{"start":{"line":15,"column":0},"end":{"line":15,"column":51}},"8":{"start":{"line":17,"column":0},"end":{"line":17,"column":45}},"9":{"start":{"line":19,"column":0},"end":{"line":19,"column":59}},"10":{"start":{"line":21,"column":0},"end":{"line":21,"column":75}},"11":{"start":{"line":23,"column":0},"end":{"line":23,"column":83}},"12":{"start":{"line":25,"column":0},"end":{"line":25,"column":28}},"13":{"start":{"line":27,"column":0},"end":{"line":27,"column":43}},"14":{"start":{"line":29,"column":0},"end":{"line":67,"column":1}},"15":{"start":{"line":30,"column":2},"end":{"line":32,"column":5}},"16":{"start":{"line":31,"column":4},"end":{"line":31,"column":32}},"17":{"start":{"line":34,"column":2},"end":{"line":40,"column":11}},"18":{"start":{"line":35,"column":4},"end":{"line":39,"column":5}},"19":{"start":{"line":36,"column":6},"end":{"line":36,"column":50}},"20":{"start":{"line":38,"column":6},"end":{"line":38,"column":18}},"21":{"start":{"line":42,"column":2},"end":{"line":62,"column":5}},"22":{"start":{"line":43,"column":4},"end":{"line":60,"column":5}},"23":{"start":{"line":44,"column":6},"end":{"line":59,"column":7}},"24":{"start":{"line":45,"column":8},"end":{"line":45,"column":17}},"25":{"start":{"line":47,"column":8},"end":{"line":54,"column":9}},"26":{"start":{"line":48,"column":10},"end":{"line":48,"column":44}},"27":{"start":{"line":48,"column":38},"end":{"line":48,"column":44}},"28":{"start":{"line":49,"column":10},"end":{"line":49,"column":33}},"29":{"start":{"line":51,"column":10},"end":{"line":51,"column":32}},"30":{"start":{"line":52,"column":10},"end":{"line":52,"column":29}},"31":{"start":{"line":52,"column":23},"end":{"line":52,"column":29}},"32":{"start":{"line":53,"column":10},"end":{"line":53,"column":26}},"33":{"start":{"line":56,"column":8},"end":{"line":56,"column":30}},"34":{"start":{"line":58,"column":8},"end":{"line":58,"column":30}},"35":{"start":{"line":61,"column":4},"end":{"line":61,"column":15}},"36":{"start":{"line":64,"column":2},"end":{"line":64,"column":166}},"37":{"start":{"line":66,"column":2},"end":{"line":66,"column":44}},"38":{"start":{"line":69,"column":0},"end":{"line":69,"column":36}}},"branchMap":{"1":{"line":35,"type":"if","locations":[{"start":{"line":35,"column":4},"end":{"line":35,"column":4}},{"start":{"line":35,"column":4},"end":{"line":35,"column":4}}]},"2":{"line":43,"type":"if","locations":[{"start":{"line":43,"column":4},"end":{"line":43,"column":4}},{"start":{"line":43,"column":4},"end":{"line":43,"column":4}}]},"3":{"line":47,"type":"if","locations":[{"start":{"line":47,"column":8},"end":{"line":47,"column":8}},{"start":{"line":47,"column":8},"end":{"line":47,"column":8}}]},"4":{"line":48,"type":"if","locations":[{"start":{"line":48,"column":10},"end":{"line":48,"column":10}},{"start":{"line":48,"column":10},"end":{"line":48,"column":10}}]},"5":{"line":52,"type":"if","locations":[{"start":{"line":52,"column":10},"end":{"line":52,"column":10}},{"start":{"line":52,"column":10},"end":{"line":52,"column":10}}]}},"code":["//(c) Copyright 2015 Pivotal Software, Inc. All Rights Reserved.","'use strict';","","var _getIterator = require('babel-runtime/core-js/get-iterator')['default'];","","var _interopRequireDefault = require('babel-runtime/helpers/interop-require-default')['default'];","","exports.__esModule = true;","exports['default'] = generateCss;","","var _eventStream = require('event-stream');","","var _through2 = require('through2');","","var _through22 = _interopRequireDefault(_through2);","","var _streamReduce = require('stream-reduce');","","var _streamReduce2 = _interopRequireDefault(_streamReduce);","","var _updateAssetUrlsAndConcat = require('../update-asset-urls-and-concat');","","var _updateAssetUrlsAndConcat2 = _interopRequireDefault(_updateAssetUrlsAndConcat);","","var _path = require('path');","","var _path2 = _interopRequireDefault(_path);","","function generateCss(cssFileStream) {","  var input = _eventStream.map(function (data, callback) {","    return callback(null, data);","  });","","  var renameTableStream = _streamReduce2['default'](function (memo, file) {","    if (_path2['default'].basename(file.path) === 'asset-rename-table.json') {","      return JSON.parse(file.contents.toString());","    } else {","      return memo;","    }","  }, null);","","  var cssDependenciesStream = _through22['default'].obj(function (file, encoding, callback) {","    if (_path2['default'].basename(file.path) === 'dependencies-list.json') {","      for (var _iterator = JSON.parse(file.contents.toString()), _isArray = Array.isArray(_iterator), _i = 0, _iterator = _isArray ? _iterator : _getIterator(_iterator);;) {","        var _ref;","","        if (_isArray) {","          if (_i >= _iterator.length) break;","          _ref = _iterator[_i++];","        } else {","          _i = _iterator.next();","          if (_i.done) break;","          _ref = _i.value;","        }","","        var dependency = _ref;","","        this.push(dependency);","      }","    }","    callback();","  });","","  var output = _eventStream.merge(input.pipe(cssDependenciesStream).pipe(cssFileStream), input.pipe(renameTableStream)).pipe(_updateAssetUrlsAndConcat2['default']());","","  return _eventStream.duplex(input, output);","}","","module.exports = exports['default'];"],"l":{"4":1,"6":1,"8":1,"9":1,"11":1,"13":1,"15":1,"17":1,"19":1,"21":1,"23":1,"25":1,"27":1,"29":1,"30":1,"31":0,"34":1,"35":0,"36":0,"38":0,"42":1,"43":0,"44":0,"45":0,"47":0,"48":0,"49":0,"51":0,"52":0,"53":0,"56":0,"58":0,"61":0,"64":1,"66":1,"69":1}},"/home/travis/build/npmtest/node-npmtest-dr-frankenstyle/node_modules/dr-frankenstyle/update-asset-urls-and-concat.js":{"path":"/home/travis/build/npmtest/node-npmtest-dr-frankenstyle/node_modules/dr-frankenstyle/update-asset-urls-and-concat.js","s":{"1":1,"2":1,"3":1,"4":1,"5":1,"6":1,"7":1,"8":1,"9":1,"10":1,"11":1,"12":1,"13":0,"14":0,"15":0,"16":0,"17":1,"18":0,"19":0,"20":0,"21":0,"22":0,"23":0,"24":0,"25":0,"26":0,"27":0,"28":0,"29":0,"30":0,"31":0,"32":0,"33":0,"34":0,"35":0,"36":0,"37":0,"38":0,"39":1,"40":1},"b":{"1":[0,0],"2":[0,0],"3":[0,0],"4":[0,0]},"f":{"1":1,"2":0,"3":0,"4":0},"fnMap":{"1":{"name":"updateAssetUrlsAndConcat","line":23,"loc":{"start":{"line":23,"column":0},"end":{"line":23,"column":36}}},"2":{"name":"(anonymous_2)","line":24,"loc":{"start":{"line":24,"column":63},"end":{"line":24,"column":100}}},"3":{"name":"(anonymous_3)","line":33,"loc":{"start":{"line":33,"column":45},"end":{"line":33,"column":72}}},"4":{"name":"(anonymous_4)","line":37,"loc":{"start":{"line":37,"column":39},"end":{"line":37,"column":68}}}},"statementMap":{"1":{"start":{"line":4,"column":0},"end":{"line":4,"column":75}},"2":{"start":{"line":6,"column":0},"end":{"line":6,"column":76}},"3":{"start":{"line":8,"column":0},"end":{"line":8,"column":97}},"4":{"start":{"line":10,"column":0},"end":{"line":10,"column":26}},"5":{"start":{"line":11,"column":0},"end":{"line":11,"column":46}},"6":{"start":{"line":13,"column":0},"end":{"line":13,"column":43}},"7":{"start":{"line":15,"column":0},"end":{"line":15,"column":45}},"8":{"start":{"line":17,"column":0},"end":{"line":17,"column":59}},"9":{"start":{"line":19,"column":0},"end":{"line":19,"column":30}},"10":{"start":{"line":21,"column":0},"end":{"line":21,"column":45}},"11":{"start":{"line":23,"column":0},"end":{"line":66,"column":1}},"12":{"start":{"line":24,"column":2},"end":{"line":31,"column":39}},"13":{"start":{"line":25,"column":4},"end":{"line":29,"column":5}},"14":{"start":{"line":26,"column":6},"end":{"line":26,"column":43}},"15":{"start":{"line":28,"column":6},"end":{"line":28,"column":45}},"16":{"start":{"line":30,"column":4},"end":{"line":30,"column":18}},"17":{"start":{"line":33,"column":2},"end":{"line":63,"column":5}},"18":{"start":{"line":34,"column":4},"end":{"line":34,"column":40}},"19":{"start":{"line":35,"column":4},"end":{"line":35,"column":28}},"20":{"start":{"line":37,"column":4},"end":{"line":60,"column":22}},"21":{"start":{"line":38,"column":6},"end":{"line":38,"column":92}},"22":{"start":{"line":40,"column":6},"end":{"line":40,"column":57}},"23":{"start":{"line":41,"column":6},"end":{"line":57,"column":7}},"24":{"start":{"line":42,"column":8},"end":{"line":42,"column":17}},"25":{"start":{"line":44,"column":8},"end":{"line":51,"column":9}},"26":{"start":{"line":45,"column":10},"end":{"line":45,"column":44}},"27":{"start":{"line":45,"column":38},"end":{"line":45,"column":44}},"28":{"start":{"line":46,"column":10},"end":{"line":46,"column":33}},"29":{"start":{"line":48,"column":10},"end":{"line":48,"column":32}},"30":{"start":{"line":49,"column":10},"end":{"line":49,"column":29}},"31":{"start":{"line":49,"column":23},"end":{"line":49,"column":29}},"32":{"start":{"line":50,"column":10},"end":{"line":50,"column":26}},"33":{"start":{"line":53,"column":8},"end":{"line":53,"column":31}},"34":{"start":{"line":55,"column":8},"end":{"line":55,"column":59}},"35":{"start":{"line":56,"column":8},"end":{"line":56,"column":79}},"36":{"start":{"line":58,"column":6},"end":{"line":58,"column":44}},"37":{"start":{"line":59,"column":6},"end":{"line":59,"column":25}},"38":{"start":{"line":62,"column":4},"end":{"line":62,"column":110}},"39":{"start":{"line":65,"column":2},"end":{"line":65,"column":82}},"40":{"start":{"line":68,"column":0},"end":{"line":68,"column":36}}},"branchMap":{"1":{"line":25,"type":"if","locations":[{"start":{"line":25,"column":4},"end":{"line":25,"column":4}},{"start":{"line":25,"column":4},"end":{"line":25,"column":4}}]},"2":{"line":44,"type":"if","locations":[{"start":{"line":44,"column":8},"end":{"line":44,"column":8}},{"start":{"line":44,"column":8},"end":{"line":44,"column":8}}]},"3":{"line":45,"type":"if","locations":[{"start":{"line":45,"column":10},"end":{"line":45,"column":10}},{"start":{"line":45,"column":10},"end":{"line":45,"column":10}}]},"4":{"line":49,"type":"if","locations":[{"start":{"line":49,"column":10},"end":{"line":49,"column":10}},{"start":{"line":49,"column":10},"end":{"line":49,"column":10}}]}},"code":["//(c) Copyright 2015 Pivotal Software, Inc. All Rights Reserved.","'use strict';","","var _Object$keys = require('babel-runtime/core-js/object/keys')['default'];","","var _getIterator = require('babel-runtime/core-js/get-iterator')['default'];","","var _interopRequireDefault = require('babel-runtime/helpers/interop-require-default')['default'];","","exports.__esModule = true;","exports['default'] = updateAssetUrlsAndConcat;","","var _eventStream = require('event-stream');","","var _streamReduce = require('stream-reduce');","","var _streamReduce2 = _interopRequireDefault(_streamReduce);","","var _vinyl = require('vinyl');","","var _vinyl2 = _interopRequireDefault(_vinyl);","","function updateAssetUrlsAndConcat() {","  var cssFilesAndRenameTableStream = _streamReduce2['default'](function (result, fileOrRenameTable) {","    if (fileOrRenameTable.contents) {","      result.files.push(fileOrRenameTable);","    } else {","      result.renameTable = fileOrRenameTable;","    }","    return result;","  }, { renameTable: null, files: [] });","","  var resultCssFileStream = _eventStream.map(function (_ref2, callback) {","    var renameTable = _ref2.renameTable;","    var files = _ref2.files;","","    var concatenatedCss = files.reduce(function (cssContents, file) {","      var assetLocationTranslation = renameTable[file.packageName].assetLocationTranslation;","","      var cssWithUpdatedPaths = file.contents.toString();","      for (var _iterator = _Object$keys(assetLocationTranslation), _isArray = Array.isArray(_iterator), _i = 0, _iterator = _isArray ? _iterator : _getIterator(_iterator);;) {","        var _ref;","","        if (_isArray) {","          if (_i >= _iterator.length) break;","          _ref = _iterator[_i++];","        } else {","          _i = _iterator.next();","          if (_i.done) break;","          _ref = _i.value;","        }","","        var originalUrl = _ref;","","        var newUrl = assetLocationTranslation[originalUrl];","        cssWithUpdatedPaths = cssWithUpdatedPaths.replace(originalUrl, newUrl);","      }","      cssContents.push(cssWithUpdatedPaths);","      return cssContents;","    }, []).join('\\n');","","    callback(null, new _vinyl2['default']({ path: 'components.css', contents: new Buffer(concatenatedCss) }));","  });","","  return _eventStream.pipeline(cssFilesAndRenameTableStream, resultCssFileStream);","}","","module.exports = exports['default'];"],"l":{"4":1,"6":1,"8":1,"10":1,"11":1,"13":1,"15":1,"17":1,"19":1,"21":1,"23":1,"24":1,"25":0,"26":0,"28":0,"30":0,"33":1,"34":0,"35":0,"37":0,"38":0,"40":0,"41":0,"42":0,"44":0,"45":0,"46":0,"48":0,"49":0,"50":0,"53":0,"55":0,"56":0,"58":0,"59":0,"62":0,"65":1,"68":1}},"/home/travis/build/npmtest/node-npmtest-dr-frankenstyle/node_modules/dr-frankenstyle/cli.js":{"path":"/home/travis/build/npmtest/node-npmtest-dr-frankenstyle/node_modules/dr-frankenstyle/cli.js","s":{"1":1,"2":1,"3":1,"4":1,"5":1,"6":1,"7":1,"8":1,"9":0,"10":1},"b":{"1":[0,1]},"f":{},"fnMap":{},"statementMap":{"1":{"start":{"line":5,"column":0},"end":{"line":5,"column":97}},"2":{"start":{"line":7,"column":0},"end":{"line":7,"column":35}},"3":{"start":{"line":9,"column":0},"end":{"line":9,"column":51}},"4":{"start":{"line":11,"column":0},"end":{"line":11,"column":63}},"5":{"start":{"line":13,"column":0},"end":{"line":13,"column":265}},"6":{"start":{"line":15,"column":0},"end":{"line":15,"column":23}},"7":{"start":{"line":17,"column":0},"end":{"line":17,"column":43}},"8":{"start":{"line":19,"column":0},"end":{"line":21,"column":1}},"9":{"start":{"line":20,"column":2},"end":{"line":20,"column":64}},"10":{"start":{"line":23,"column":0},"end":{"line":23,"column":35}}},"branchMap":{"1":{"line":19,"type":"if","locations":[{"start":{"line":19,"column":0},"end":{"line":19,"column":0}},{"start":{"line":19,"column":0},"end":{"line":19,"column":0}}]}},"code":["//#! /usr/bin/env node","//(c) Copyright 2015 Pivotal Software, Inc. All Rights Reserved.","'use strict';","","var _interopRequireDefault = require('babel-runtime/helpers/interop-require-default')['default'];","","var _vinylFs = require('vinyl-fs');","","var _drFrankenstyle = require('./dr-frankenstyle');","","var _drFrankenstyle2 = _interopRequireDefault(_drFrankenstyle);","","var argv = require('yargs').usage('Usage: dr-frankenstyle [options] <output-dir>').example('dr-frankenstyle my_assets_dir').demand(1, 'Please provide an output directory').boolean('rails').describe('rails', \"Use Rails' asset-url helper instead of url in CSS\").argv;","","var output = argv._[0];","","var stream = _drFrankenstyle2['default']();","","if (argv.rails) {","  stream = stream.pipe(_drFrankenstyle2['default'].railsUrls());","}","","stream.pipe(_vinylFs.dest(output));"],"l":{"5":1,"7":1,"9":1,"11":1,"13":1,"15":1,"17":1,"19":1,"20":0,"23":1}}}